[0.175s] Invoking command in '/home/linh/ser_ws/build/realsense_gazebo_plugin': /usr/bin/cmake /home/linh/ser_ws/src/realsense_gazebo_plugin -DCATKIN_INSTALL_INTO_PREFIX_ROOT=0 -DCMAKE_INSTALL_PREFIX=/home/linh/ser_ws/install/realsense_gazebo_plugin
[0.471s] -- The C compiler identification is GNU 11.4.0
[0.657s] -- The CXX compiler identification is GNU 11.4.0
[0.678s] -- Detecting C compiler ABI info
[0.915s] -- Detecting C compiler ABI info - done
[0.962s] -- Check for working C compiler: /usr/bin/cc - skipped
[0.962s] -- Detecting C compile features
[0.963s] -- Detecting C compile features - done
[0.988s] -- Detecting CXX compiler ABI info
[1.369s] -- Detecting CXX compiler ABI info - done
[1.379s] -- Check for working CXX compiler: /usr/bin/c++ - skipped
[1.380s] -- Detecting CXX compile features
[1.381s] -- Detecting CXX compile features - done
[1.387s] -- Found ament_cmake: 1.3.5 (/opt/ros/humble/share/ament_cmake/cmake)
[1.884s] -- Found Python3: /usr/bin/python3.10 (found version "3.10.12") found components: Interpreter 
[2.146s] -- Found rclcpp: 16.0.6 (/opt/ros/humble/share/rclcpp/cmake)
[2.238s] -- Found rosidl_generator_c: 3.1.5 (/opt/ros/humble/share/rosidl_generator_c/cmake)
[2.245s] -- Found rosidl_adapter: 3.1.5 (/opt/ros/humble/share/rosidl_adapter/cmake)
[2.264s] -- Found rosidl_generator_cpp: 3.1.5 (/opt/ros/humble/share/rosidl_generator_cpp/cmake)
[2.299s] -- Using all available rosidl_typesupport_c: rosidl_typesupport_fastrtps_c;rosidl_typesupport_introspection_c
[2.375s] -- Using all available rosidl_typesupport_cpp: rosidl_typesupport_fastrtps_cpp;rosidl_typesupport_introspection_cpp
[2.555s] -- Found rmw_implementation_cmake: 6.1.1 (/opt/ros/humble/share/rmw_implementation_cmake/cmake)
[2.561s] -- Found rmw_fastrtps_cpp: 6.2.4 (/opt/ros/humble/share/rmw_fastrtps_cpp/cmake)
[2.896s] -- Found OpenSSL: /usr/lib/x86_64-linux-gnu/libcrypto.so (found version "3.0.2")  
[3.038s] -- Found FastRTPS: /opt/ros/humble/include  
[3.136s] -- Using RMW implementation 'rmw_fastrtps_cpp' as default
[3.148s] -- Looking for pthread.h
[3.321s] -- Looking for pthread.h - found
[3.322s] -- Performing Test CMAKE_HAVE_LIBC_PTHREAD
[3.502s] -- Performing Test CMAKE_HAVE_LIBC_PTHREAD - Success
[3.504s] -- Found Threads: TRUE  
[3.802s] -- Found gazebo_ros: 3.7.0 (/opt/ros/humble/share/gazebo_ros/cmake)
[3.842s] -- Found PkgConfig: /usr/bin/pkg-config (found version "0.29.2") 
[3.845s] -- Checking for module 'bullet>=2.82'
[3.884s] --   Found bullet, version 3.05
[4.151s] -- Found fcl: /usr/include (found suitable version "0.7.0", minimum required is "0.5.0") 
[4.264s] -- Found assimp: /usr/include (found version "5.2.0") 
[4.323s] -- Found DART: /usr/include (Required is at least version "6.6") found components: dart 
[4.388s] -- Found Boost: /usr/lib/x86_64-linux-gnu/cmake/Boost-1.74.0/BoostConfig.cmake (found suitable version "1.74.0", minimum required is "1.40.0") found components: thread system filesystem program_options regex iostreams date_time 
[4.456s] -- Found Protobuf: /usr/lib/x86_64-linux-gnu/libprotobuf.so (found version "3.12.4") 
[4.473s] -- Looking for ignition-math6 -- found version 6.15.0
[4.497s] -- Searching for dependencies of ignition-math6
[4.505s] -- Looking for OGRE...
[4.506s] -- OGRE_PREFIX_WATCH changed.
[4.518s] -- Checking for module 'OGRE'
[4.546s] --   Found OGRE, version 1.9.0
[4.616s] -- Found Ogre Ghadamon (1.9.0)
[4.631s] -- Found OGRE: optimized;/usr/lib/x86_64-linux-gnu/libOgreMain.so;debug;/usr/lib/x86_64-linux-gnu/libOgreMain.so
[4.647s] -- Looking for OGRE_Paging...
[4.655s] -- Found OGRE_Paging: optimized;/usr/lib/x86_64-linux-gnu/libOgrePaging.so;debug;/usr/lib/x86_64-linux-gnu/libOgrePaging.so
[4.657s] -- Looking for OGRE_Terrain...
[4.664s] -- Found OGRE_Terrain: optimized;/usr/lib/x86_64-linux-gnu/libOgreTerrain.so;debug;/usr/lib/x86_64-linux-gnu/libOgreTerrain.so
[4.665s] -- Looking for OGRE_Property...
[4.674s] -- Found OGRE_Property: optimized;/usr/lib/x86_64-linux-gnu/libOgreProperty.so;debug;/usr/lib/x86_64-linux-gnu/libOgreProperty.so
[4.674s] -- Looking for OGRE_RTShaderSystem...
[4.682s] -- Found OGRE_RTShaderSystem: optimized;/usr/lib/x86_64-linux-gnu/libOgreRTShaderSystem.so;debug;/usr/lib/x86_64-linux-gnu/libOgreRTShaderSystem.so
[4.683s] -- Looking for OGRE_Volume...
[4.693s] -- Found OGRE_Volume: optimized;/usr/lib/x86_64-linux-gnu/libOgreVolume.so;debug;/usr/lib/x86_64-linux-gnu/libOgreVolume.so
[4.694s] -- Looking for OGRE_Overlay...
[4.705s] -- Found OGRE_Overlay: optimized;/usr/lib/x86_64-linux-gnu/libOgreOverlay.so;debug;/usr/lib/x86_64-linux-gnu/libOgreOverlay.so
[4.908s] -- Looking for ignition-math6 -- found version 6.15.0
[4.915s] -- Looking for ignition-transport8 -- found version 8.2.1
[4.919s] -- Searching for dependencies of ignition-transport8
[4.958s] -- Found Protobuf: /usr/lib/x86_64-linux-gnu/libprotobuf.so (found suitable version "3.12.4", minimum required is "3") 
[4.978s] -- Config-file not installed for ZeroMQ -- checking for pkg-config
[4.993s] -- Checking for module 'libzmq >= 4'
[5.032s] --   Found libzmq , version 4.3.4
[5.124s] -- Found ZeroMQ: TRUE (Required is at least version "4") 
[5.140s] -- Checking for module 'uuid'
[5.177s] --   Found uuid, version 2.37.2
[5.260s] -- Found UUID: TRUE  
[5.268s] -- Looking for ignition-msgs5 -- found version 5.8.1
[5.270s] -- Searching for dependencies of ignition-msgs5
[5.301s] -- Looking for ignition-math6 -- found version 6.15.0
[5.315s] -- Checking for module 'tinyxml2'
[5.346s] --   Found tinyxml2, version 9.0.0
[5.438s] -- Looking for ignition-msgs5 -- found version 5.8.1
[5.449s] -- Looking for ignition-common3 -- found version 3.14.0
[5.452s] -- Searching for dependencies of ignition-common3
[5.455s] -- Looking for dlfcn.h - found
[5.458s] -- Looking for libdl - found
[5.461s] -- Found DL: TRUE  
[5.484s] -- Found tinyobjloader: /usr/lib/x86_64-linux-gnu/cmake/tinyobjloader/tinyobjloader-config.cmake (found version "2.0.0") 
[5.488s] -- Searching for <ignition-common3> component [graphics]
[5.494s] -- Looking for ignition-common3-graphics -- found version 3.14.0
[5.496s] -- Searching for dependencies of ignition-common3-graphics
[5.498s] -- Looking for ignition-math6 -- found version 6.15.0
[5.507s] -- Looking for ignition-fuel_tools4 -- found version 4.4.0
[5.509s] -- Searching for dependencies of ignition-fuel_tools4
[5.688s] -- Found CURL: /usr/lib/x86_64-linux-gnu/libcurl.so (found version "7.81.0")  
[5.713s] -- Checking for module 'jsoncpp'
[5.749s] --   Found jsoncpp, version 1.9.5
[5.836s] -- Found JSONCPP: TRUE  
[5.850s] -- Checking for module 'libzip'
[5.885s] --   Found libzip, version 1.7.3
[6.029s] -- Found ZIP: TRUE  
[6.033s] -- Looking for ignition-common3 -- found version 3.14.0
[6.036s] -- Looking for ignition-math6 -- found version 6.15.0
[6.040s] -- Looking for ignition-msgs5 -- found version 5.8.1
[6.058s] -- Gazebo version: 11.10
[6.061s] -- Checking for module 'tbb'
[6.112s] --   Found tbb, version 2021.5.0
[6.271s] -- Found image_transport: 3.1.7 (/opt/ros/humble/share/image_transport/cmake)
[6.773s] -- Found camera_info_manager: 3.1.7 (/opt/ros/humble/share/camera_info_manager/cmake)
[6.981s] -- Found ament_lint_auto: 0.12.8 (/opt/ros/humble/share/ament_lint_auto/cmake)
[7.211s] -- Configuring done
[7.412s] -- Generating done
[7.427s] [33mCMake Warning:
[7.431s]   Manually-specified variables were not used by the project:
[7.432s] 
[7.434s]     CATKIN_INSTALL_INTO_PREFIX_ROOT
[7.435s] 
[7.437s] [0m
[7.447s] -- Build files have been written to: /home/linh/ser_ws/build/realsense_gazebo_plugin
[7.504s] Invoked command in '/home/linh/ser_ws/build/realsense_gazebo_plugin' returned '0': /usr/bin/cmake /home/linh/ser_ws/src/realsense_gazebo_plugin -DCATKIN_INSTALL_INTO_PREFIX_ROOT=0 -DCMAKE_INSTALL_PREFIX=/home/linh/ser_ws/install/realsense_gazebo_plugin
[7.508s] Invoking command in '/home/linh/ser_ws/build/realsense_gazebo_plugin': /usr/bin/cmake --build /home/linh/ser_ws/build/realsense_gazebo_plugin -- -j2 -l2
[7.713s] [ 33%] [32mBuilding CXX object CMakeFiles/realsense_gazebo_plugin.dir/src/RealSensePlugin.cpp.o[0m
[96.718s] [ 66%] [32mBuilding CXX object CMakeFiles/realsense_gazebo_plugin.dir/src/gazebo_ros_realsense.cpp.o[0m
[174.667s] [100%] [32m[1mLinking CXX shared library librealsense_gazebo_plugin.so[0m
[177.908s] [100%] Built target realsense_gazebo_plugin
[178.111s] Invoked command in '/home/linh/ser_ws/build/realsense_gazebo_plugin' returned '0': /usr/bin/cmake --build /home/linh/ser_ws/build/realsense_gazebo_plugin -- -j2 -l2
[178.460s] Invoking command in '/home/linh/ser_ws/build/realsense_gazebo_plugin': /usr/bin/cmake --install /home/linh/ser_ws/build/realsense_gazebo_plugin
[178.502s] -- Install configuration: ""
[178.529s] -- Installing: /home/linh/ser_ws/install/realsense_gazebo_plugin/lib/librealsense_gazebo_plugin.so
[178.553s] -- Set runtime path of "/home/linh/ser_ws/install/realsense_gazebo_plugin/lib/librealsense_gazebo_plugin.so" to ""
[178.560s] -- Installing: /home/linh/ser_ws/install/realsense_gazebo_plugin/include/
[178.571s] -- Installing: /home/linh/ser_ws/install/realsense_gazebo_plugin/include//realsense_gazebo_plugin
[178.579s] -- Installing: /home/linh/ser_ws/install/realsense_gazebo_plugin/include//realsense_gazebo_plugin/gazebo_ros_realsense.h
[178.591s] -- Installing: /home/linh/ser_ws/install/realsense_gazebo_plugin/include//realsense_gazebo_plugin/RealSensePlugin.h
[178.597s] -- Installing: /home/linh/ser_ws/install/realsense_gazebo_plugin/share/realsense_gazebo_plugin/environment/library_path.sh
[178.603s] -- Installing: /home/linh/ser_ws/install/realsense_gazebo_plugin/share/realsense_gazebo_plugin/environment/library_path.dsv
[178.615s] -- Installing: /home/linh/ser_ws/install/realsense_gazebo_plugin/share/ament_index/resource_index/package_run_dependencies/realsense_gazebo_plugin
[178.624s] -- Installing: /home/linh/ser_ws/install/realsense_gazebo_plugin/share/ament_index/resource_index/parent_prefix_path/realsense_gazebo_plugin
[178.628s] -- Installing: /home/linh/ser_ws/install/realsense_gazebo_plugin/share/realsense_gazebo_plugin/environment/ament_prefix_path.sh
[178.631s] -- Installing: /home/linh/ser_ws/install/realsense_gazebo_plugin/share/realsense_gazebo_plugin/environment/ament_prefix_path.dsv
[178.633s] -- Installing: /home/linh/ser_ws/install/realsense_gazebo_plugin/share/realsense_gazebo_plugin/environment/path.sh
[178.640s] -- Installing: /home/linh/ser_ws/install/realsense_gazebo_plugin/share/realsense_gazebo_plugin/environment/path.dsv
[178.646s] -- Installing: /home/linh/ser_ws/install/realsense_gazebo_plugin/share/realsense_gazebo_plugin/local_setup.bash
[178.651s] -- Installing: /home/linh/ser_ws/install/realsense_gazebo_plugin/share/realsense_gazebo_plugin/local_setup.sh
[178.656s] -- Installing: /home/linh/ser_ws/install/realsense_gazebo_plugin/share/realsense_gazebo_plugin/local_setup.zsh
[178.658s] -- Installing: /home/linh/ser_ws/install/realsense_gazebo_plugin/share/realsense_gazebo_plugin/local_setup.dsv
[178.664s] -- Installing: /home/linh/ser_ws/install/realsense_gazebo_plugin/share/realsense_gazebo_plugin/package.dsv
[178.670s] -- Installing: /home/linh/ser_ws/install/realsense_gazebo_plugin/share/ament_index/resource_index/packages/realsense_gazebo_plugin
[178.673s] -- Installing: /home/linh/ser_ws/install/realsense_gazebo_plugin/share/realsense_gazebo_plugin/cmake/ament_cmake_export_include_directories-extras.cmake
[178.675s] -- Installing: /home/linh/ser_ws/install/realsense_gazebo_plugin/share/realsense_gazebo_plugin/cmake/ament_cmake_export_libraries-extras.cmake
[178.679s] -- Installing: /home/linh/ser_ws/install/realsense_gazebo_plugin/share/realsense_gazebo_plugin/cmake/realsense_gazebo_pluginConfig.cmake
[178.681s] -- Installing: /home/linh/ser_ws/install/realsense_gazebo_plugin/share/realsense_gazebo_plugin/cmake/realsense_gazebo_pluginConfig-version.cmake
[178.683s] -- Installing: /home/linh/ser_ws/install/realsense_gazebo_plugin/share/realsense_gazebo_plugin/package.xml
[178.695s] Invoked command in '/home/linh/ser_ws/build/realsense_gazebo_plugin' returned '0': /usr/bin/cmake --install /home/linh/ser_ws/build/realsense_gazebo_plugin
