[0.357s] Invoking command in '/home/linh/ser_ws/build/depthimage_to_laserscan': CMAKE_PREFIX_PATH=/opt/ros/humble:${CMAKE_PREFIX_PATH} /usr/bin/cmake --build /home/linh/ser_ws/build/depthimage_to_laserscan -- -j2 -l2
[0.695s] [ 16%] Built target DepthImageToLaserScan
[0.825s] [ 33%] Built target gtest_main
[0.901s] [ 50%] Built target gtest
[1.021s] [ 66%] Built target DepthImageToLaserScanROS
[1.115s] [ 83%] Built target depthimage_to_laserscan-test
[1.211s] [100%] Built target depthimage_to_laserscan_node
[1.416s] Invoked command in '/home/linh/ser_ws/build/depthimage_to_laserscan' returned '0': CMAKE_PREFIX_PATH=/opt/ros/humble:${CMAKE_PREFIX_PATH} /usr/bin/cmake --build /home/linh/ser_ws/build/depthimage_to_laserscan -- -j2 -l2
[1.559s] Invoking command in '/home/linh/ser_ws/build/depthimage_to_laserscan': CMAKE_PREFIX_PATH=/opt/ros/humble:${CMAKE_PREFIX_PATH} /usr/bin/cmake --install /home/linh/ser_ws/build/depthimage_to_laserscan
[1.579s] -- Install configuration: ""
[1.580s] -- Up-to-date: /home/linh/ser_ws/install/depthimage_to_laserscan/include/depthimage_to_laserscan
[1.581s] -- Up-to-date: /home/linh/ser_ws/install/depthimage_to_laserscan/include/depthimage_to_laserscan/depthimage_to_laserscan
[1.583s] -- Up-to-date: /home/linh/ser_ws/install/depthimage_to_laserscan/include/depthimage_to_laserscan/depthimage_to_laserscan/DepthImageToLaserScanROS.hpp
[1.583s] -- Up-to-date: /home/linh/ser_ws/install/depthimage_to_laserscan/include/depthimage_to_laserscan/depthimage_to_laserscan/DepthImageToLaserScan.hpp
[1.584s] -- Up-to-date: /home/linh/ser_ws/install/depthimage_to_laserscan/include/depthimage_to_laserscan/depthimage_to_laserscan/depth_traits.hpp
[1.584s] -- Up-to-date: /home/linh/ser_ws/install/depthimage_to_laserscan/share/depthimage_to_laserscan//launch
[1.585s] -- Up-to-date: /home/linh/ser_ws/install/depthimage_to_laserscan/share/depthimage_to_laserscan//launch/depthimage_to_laserscan-launch.py
[1.586s] -- Up-to-date: /home/linh/ser_ws/install/depthimage_to_laserscan/share/depthimage_to_laserscan//launch/depthimage_to_laserscan_composed-launch.py
[1.586s] -- Up-to-date: /home/linh/ser_ws/install/depthimage_to_laserscan/share/depthimage_to_laserscan//cfg
[1.587s] -- Up-to-date: /home/linh/ser_ws/install/depthimage_to_laserscan/share/depthimage_to_laserscan//cfg/param.yaml
[1.589s] -- Up-to-date: /home/linh/ser_ws/install/depthimage_to_laserscan/lib/libDepthImageToLaserScan.so
[1.591s] -- Up-to-date: /home/linh/ser_ws/install/depthimage_to_laserscan/lib/libDepthImageToLaserScanROS.so
[1.592s] -- Up-to-date: /home/linh/ser_ws/install/depthimage_to_laserscan/lib/depthimage_to_laserscan/depthimage_to_laserscan_node
[1.592s] -- Up-to-date: /home/linh/ser_ws/install/depthimage_to_laserscan/include/depthimage_to_laserscan/depthimage_to_laserscan/DepthImageToLaserScan_export.h
[1.592s] -- Up-to-date: /home/linh/ser_ws/install/depthimage_to_laserscan/include/depthimage_to_laserscan/depthimage_to_laserscan/DepthImageToLaserScanROS_export.h
[1.592s] -- Up-to-date: /home/linh/ser_ws/install/depthimage_to_laserscan/share/depthimage_to_laserscan/environment/library_path.sh
[1.593s] -- Up-to-date: /home/linh/ser_ws/install/depthimage_to_laserscan/share/depthimage_to_laserscan/environment/library_path.dsv
[1.593s] -- Up-to-date: /home/linh/ser_ws/install/depthimage_to_laserscan/share/ament_index/resource_index/package_run_dependencies/depthimage_to_laserscan
[1.594s] -- Up-to-date: /home/linh/ser_ws/install/depthimage_to_laserscan/share/ament_index/resource_index/parent_prefix_path/depthimage_to_laserscan
[1.594s] -- Up-to-date: /home/linh/ser_ws/install/depthimage_to_laserscan/share/depthimage_to_laserscan/environment/ament_prefix_path.sh
[1.595s] -- Up-to-date: /home/linh/ser_ws/install/depthimage_to_laserscan/share/depthimage_to_laserscan/environment/ament_prefix_path.dsv
[1.595s] -- Up-to-date: /home/linh/ser_ws/install/depthimage_to_laserscan/share/depthimage_to_laserscan/environment/path.sh
[1.595s] -- Up-to-date: /home/linh/ser_ws/install/depthimage_to_laserscan/share/depthimage_to_laserscan/environment/path.dsv
[1.596s] -- Up-to-date: /home/linh/ser_ws/install/depthimage_to_laserscan/share/depthimage_to_laserscan/local_setup.bash
[1.596s] -- Up-to-date: /home/linh/ser_ws/install/depthimage_to_laserscan/share/depthimage_to_laserscan/local_setup.sh
[1.596s] -- Up-to-date: /home/linh/ser_ws/install/depthimage_to_laserscan/share/depthimage_to_laserscan/local_setup.zsh
[1.598s] -- Up-to-date: /home/linh/ser_ws/install/depthimage_to_laserscan/share/depthimage_to_laserscan/local_setup.dsv
[1.598s] -- Installing: /home/linh/ser_ws/install/depthimage_to_laserscan/share/depthimage_to_laserscan/package.dsv
[1.599s] -- Up-to-date: /home/linh/ser_ws/install/depthimage_to_laserscan/share/ament_index/resource_index/packages/depthimage_to_laserscan
[1.599s] -- Up-to-date: /home/linh/ser_ws/install/depthimage_to_laserscan/share/ament_index/resource_index/rclcpp_components/depthimage_to_laserscan
[1.605s] -- Up-to-date: /home/linh/ser_ws/install/depthimage_to_laserscan/share/depthimage_to_laserscan/cmake/export_depthimage_to_laserscanExport.cmake
[1.605s] -- Up-to-date: /home/linh/ser_ws/install/depthimage_to_laserscan/share/depthimage_to_laserscan/cmake/export_depthimage_to_laserscanExport-noconfig.cmake
[1.606s] -- Up-to-date: /home/linh/ser_ws/install/depthimage_to_laserscan/share/depthimage_to_laserscan/cmake/ament_cmake_export_include_directories-extras.cmake
[1.606s] -- Up-to-date: /home/linh/ser_ws/install/depthimage_to_laserscan/share/depthimage_to_laserscan/cmake/ament_cmake_export_libraries-extras.cmake
[1.607s] -- Up-to-date: /home/linh/ser_ws/install/depthimage_to_laserscan/share/depthimage_to_laserscan/cmake/ament_cmake_export_targets-extras.cmake
[1.607s] -- Up-to-date: /home/linh/ser_ws/install/depthimage_to_laserscan/share/depthimage_to_laserscan/cmake/ament_cmake_export_dependencies-extras.cmake
[1.607s] -- Up-to-date: /home/linh/ser_ws/install/depthimage_to_laserscan/share/depthimage_to_laserscan/cmake/depthimage_to_laserscanConfig.cmake
[1.608s] -- Up-to-date: /home/linh/ser_ws/install/depthimage_to_laserscan/share/depthimage_to_laserscan/cmake/depthimage_to_laserscanConfig-version.cmake
[1.608s] -- Up-to-date: /home/linh/ser_ws/install/depthimage_to_laserscan/share/depthimage_to_laserscan/package.xml
[1.619s] Invoked command in '/home/linh/ser_ws/build/depthimage_to_laserscan' returned '0': CMAKE_PREFIX_PATH=/opt/ros/humble:${CMAKE_PREFIX_PATH} /usr/bin/cmake --install /home/linh/ser_ws/build/depthimage_to_laserscan
