[0.473s] Invoking command in '/home/linh/ser_ws/build/realsense_gazebo_plugin': /usr/bin/cmake --build /home/linh/ser_ws/build/realsense_gazebo_plugin -- -j2 -l2
[0.872s] [35m[1mConsolidate compiler generated dependencies of target realsense_gazebo_plugin[0m
[1.140s] [100%] Built target realsense_gazebo_plugin
[1.414s] Invoked command in '/home/linh/ser_ws/build/realsense_gazebo_plugin' returned '0': /usr/bin/cmake --build /home/linh/ser_ws/build/realsense_gazebo_plugin -- -j2 -l2
[2.255s] Invoking command in '/home/linh/ser_ws/build/realsense_gazebo_plugin': /usr/bin/cmake --install /home/linh/ser_ws/build/realsense_gazebo_plugin
[2.306s] -- Install configuration: ""
[2.312s] -- Up-to-date: /home/linh/ser_ws/install/realsense_gazebo_plugin/lib/librealsense_gazebo_plugin.so
[2.312s] -- Up-to-date: /home/linh/ser_ws/install/realsense_gazebo_plugin/include/
[2.312s] -- Up-to-date: /home/linh/ser_ws/install/realsense_gazebo_plugin/include//realsense_gazebo_plugin
[2.313s] -- Up-to-date: /home/linh/ser_ws/install/realsense_gazebo_plugin/include//realsense_gazebo_plugin/gazebo_ros_realsense.h
[2.313s] -- Up-to-date: /home/linh/ser_ws/install/realsense_gazebo_plugin/include//realsense_gazebo_plugin/RealSensePlugin.h
[2.313s] -- Up-to-date: /home/linh/ser_ws/install/realsense_gazebo_plugin/share/realsense_gazebo_plugin/environment/library_path.sh
[2.313s] -- Up-to-date: /home/linh/ser_ws/install/realsense_gazebo_plugin/share/realsense_gazebo_plugin/environment/library_path.dsv
[2.313s] -- Up-to-date: /home/linh/ser_ws/install/realsense_gazebo_plugin/share/ament_index/resource_index/package_run_dependencies/realsense_gazebo_plugin
[2.313s] -- Up-to-date: /home/linh/ser_ws/install/realsense_gazebo_plugin/share/ament_index/resource_index/parent_prefix_path/realsense_gazebo_plugin
[2.314s] -- Up-to-date: /home/linh/ser_ws/install/realsense_gazebo_plugin/share/realsense_gazebo_plugin/environment/ament_prefix_path.sh
[2.314s] -- Up-to-date: /home/linh/ser_ws/install/realsense_gazebo_plugin/share/realsense_gazebo_plugin/environment/ament_prefix_path.dsv
[2.314s] -- Up-to-date: /home/linh/ser_ws/install/realsense_gazebo_plugin/share/realsense_gazebo_plugin/environment/path.sh
[2.314s] -- Up-to-date: /home/linh/ser_ws/install/realsense_gazebo_plugin/share/realsense_gazebo_plugin/environment/path.dsv
[2.314s] -- Up-to-date: /home/linh/ser_ws/install/realsense_gazebo_plugin/share/realsense_gazebo_plugin/local_setup.bash
[2.314s] -- Up-to-date: /home/linh/ser_ws/install/realsense_gazebo_plugin/share/realsense_gazebo_plugin/local_setup.sh
[2.315s] -- Up-to-date: /home/linh/ser_ws/install/realsense_gazebo_plugin/share/realsense_gazebo_plugin/local_setup.zsh
[2.315s] -- Up-to-date: /home/linh/ser_ws/install/realsense_gazebo_plugin/share/realsense_gazebo_plugin/local_setup.dsv
[2.315s] -- Installing: /home/linh/ser_ws/install/realsense_gazebo_plugin/share/realsense_gazebo_plugin/package.dsv
[2.321s] -- Up-to-date: /home/linh/ser_ws/install/realsense_gazebo_plugin/share/ament_index/resource_index/packages/realsense_gazebo_plugin
[2.322s] -- Up-to-date: /home/linh/ser_ws/install/realsense_gazebo_plugin/share/realsense_gazebo_plugin/cmake/ament_cmake_export_include_directories-extras.cmake
[2.323s] -- Up-to-date: /home/linh/ser_ws/install/realsense_gazebo_plugin/share/realsense_gazebo_plugin/cmake/ament_cmake_export_libraries-extras.cmake
[2.323s] -- Up-to-date: /home/linh/ser_ws/install/realsense_gazebo_plugin/share/realsense_gazebo_plugin/cmake/realsense_gazebo_pluginConfig.cmake
[2.324s] -- Up-to-date: /home/linh/ser_ws/install/realsense_gazebo_plugin/share/realsense_gazebo_plugin/cmake/realsense_gazebo_pluginConfig-version.cmake
[2.324s] -- Up-to-date: /home/linh/ser_ws/install/realsense_gazebo_plugin/share/realsense_gazebo_plugin/package.xml
[2.334s] Invoked command in '/home/linh/ser_ws/build/realsense_gazebo_plugin' returned '0': /usr/bin/cmake --install /home/linh/ser_ws/build/realsense_gazebo_plugin
