[0.101s] Invoking command in '/home/linh/ser_ws/build/realsense_gazebo_plugin': /usr/bin/cmake --build /home/linh/ser_ws/build/realsense_gazebo_plugin -- -j2 -l2
[0.776s] [100%] Built target realsense_gazebo_plugin
[0.803s] Invoked command in '/home/linh/ser_ws/build/realsense_gazebo_plugin' returned '0': /usr/bin/cmake --build /home/linh/ser_ws/build/realsense_gazebo_plugin -- -j2 -l2
[1.034s] Invoking command in '/home/linh/ser_ws/build/realsense_gazebo_plugin': /usr/bin/cmake --install /home/linh/ser_ws/build/realsense_gazebo_plugin
[1.055s] -- Install configuration: ""
[1.057s] -- Up-to-date: /home/linh/ser_ws/install/realsense_gazebo_plugin/lib/librealsense_gazebo_plugin.so
[1.059s] -- Up-to-date: /home/linh/ser_ws/install/realsense_gazebo_plugin/include/
[1.060s] -- Up-to-date: /home/linh/ser_ws/install/realsense_gazebo_plugin/include//realsense_gazebo_plugin
[1.061s] -- Up-to-date: /home/linh/ser_ws/install/realsense_gazebo_plugin/include//realsense_gazebo_plugin/gazebo_ros_realsense.h
[1.061s] -- Up-to-date: /home/linh/ser_ws/install/realsense_gazebo_plugin/include//realsense_gazebo_plugin/RealSensePlugin.h
[1.064s] -- Up-to-date: /home/linh/ser_ws/install/realsense_gazebo_plugin/share/realsense_gazebo_plugin/environment/library_path.sh
[1.064s] -- Up-to-date: /home/linh/ser_ws/install/realsense_gazebo_plugin/share/realsense_gazebo_plugin/environment/library_path.dsv
[1.066s] -- Up-to-date: /home/linh/ser_ws/install/realsense_gazebo_plugin/share/ament_index/resource_index/package_run_dependencies/realsense_gazebo_plugin
[1.067s] -- Up-to-date: /home/linh/ser_ws/install/realsense_gazebo_plugin/share/ament_index/resource_index/parent_prefix_path/realsense_gazebo_plugin
[1.067s] -- Up-to-date: /home/linh/ser_ws/install/realsense_gazebo_plugin/share/realsense_gazebo_plugin/environment/ament_prefix_path.sh
[1.068s] -- Up-to-date: /home/linh/ser_ws/install/realsense_gazebo_plugin/share/realsense_gazebo_plugin/environment/ament_prefix_path.dsv
[1.069s] -- Up-to-date: /home/linh/ser_ws/install/realsense_gazebo_plugin/share/realsense_gazebo_plugin/environment/path.sh
[1.069s] -- Up-to-date: /home/linh/ser_ws/install/realsense_gazebo_plugin/share/realsense_gazebo_plugin/environment/path.dsv
[1.069s] -- Up-to-date: /home/linh/ser_ws/install/realsense_gazebo_plugin/share/realsense_gazebo_plugin/local_setup.bash
[1.069s] -- Up-to-date: /home/linh/ser_ws/install/realsense_gazebo_plugin/share/realsense_gazebo_plugin/local_setup.sh
[1.069s] -- Up-to-date: /home/linh/ser_ws/install/realsense_gazebo_plugin/share/realsense_gazebo_plugin/local_setup.zsh
[1.070s] -- Up-to-date: /home/linh/ser_ws/install/realsense_gazebo_plugin/share/realsense_gazebo_plugin/local_setup.dsv
[1.070s] -- Installing: /home/linh/ser_ws/install/realsense_gazebo_plugin/share/realsense_gazebo_plugin/package.dsv
[1.073s] -- Up-to-date: /home/linh/ser_ws/install/realsense_gazebo_plugin/share/ament_index/resource_index/packages/realsense_gazebo_plugin
[1.075s] -- Up-to-date: /home/linh/ser_ws/install/realsense_gazebo_plugin/share/realsense_gazebo_plugin/cmake/ament_cmake_export_include_directories-extras.cmake
[1.075s] -- Up-to-date: /home/linh/ser_ws/install/realsense_gazebo_plugin/share/realsense_gazebo_plugin/cmake/ament_cmake_export_libraries-extras.cmake
[1.075s] -- Up-to-date: /home/linh/ser_ws/install/realsense_gazebo_plugin/share/realsense_gazebo_plugin/cmake/realsense_gazebo_pluginConfig.cmake
[1.075s] -- Up-to-date: /home/linh/ser_ws/install/realsense_gazebo_plugin/share/realsense_gazebo_plugin/cmake/realsense_gazebo_pluginConfig-version.cmake
[1.075s] -- Up-to-date: /home/linh/ser_ws/install/realsense_gazebo_plugin/share/realsense_gazebo_plugin/package.xml
[1.078s] Invoked command in '/home/linh/ser_ws/build/realsense_gazebo_plugin' returned '0': /usr/bin/cmake --install /home/linh/ser_ws/build/realsense_gazebo_plugin
