[0.276s] Invoking command in '/home/linh/ser_ws/build/depthimage_to_laserscan': CMAKE_PREFIX_PATH=/opt/ros/humble /usr/bin/cmake --build /home/linh/ser_ws/build/depthimage_to_laserscan -- -j2 -l2
[0.969s] [ 16%] Built target DepthImageToLaserScan
[1.073s] [ 33%] Built target gtest_main
[1.216s] [ 50%] Built target gtest
[1.451s] [ 66%] Built target DepthImageToLaserScanROS
[1.560s] [ 83%] Built target depthimage_to_laserscan-test
[1.651s] [100%] Built target depthimage_to_laserscan_node
[1.686s] Invoked command in '/home/linh/ser_ws/build/depthimage_to_laserscan' returned '0': CMAKE_PREFIX_PATH=/opt/ros/humble /usr/bin/cmake --build /home/linh/ser_ws/build/depthimage_to_laserscan -- -j2 -l2
[1.838s] Invoking command in '/home/linh/ser_ws/build/depthimage_to_laserscan': CMAKE_PREFIX_PATH=/opt/ros/humble /usr/bin/cmake --install /home/linh/ser_ws/build/depthimage_to_laserscan
[1.869s] -- Install configuration: ""
[1.871s] -- Up-to-date: /home/linh/ser_ws/install/depthimage_to_laserscan/include/depthimage_to_laserscan
[1.874s] -- Up-to-date: /home/linh/ser_ws/install/depthimage_to_laserscan/include/depthimage_to_laserscan/depthimage_to_laserscan
[1.878s] -- Up-to-date: /home/linh/ser_ws/install/depthimage_to_laserscan/include/depthimage_to_laserscan/depthimage_to_laserscan/DepthImageToLaserScanROS.hpp
[1.878s] -- Up-to-date: /home/linh/ser_ws/install/depthimage_to_laserscan/include/depthimage_to_laserscan/depthimage_to_laserscan/DepthImageToLaserScan.hpp
[1.878s] -- Up-to-date: /home/linh/ser_ws/install/depthimage_to_laserscan/include/depthimage_to_laserscan/depthimage_to_laserscan/depth_traits.hpp
[1.885s] -- Up-to-date: /home/linh/ser_ws/install/depthimage_to_laserscan/share/depthimage_to_laserscan//launch
[1.885s] -- Up-to-date: /home/linh/ser_ws/install/depthimage_to_laserscan/share/depthimage_to_laserscan//launch/depthimage_to_laserscan-launch.py
[1.885s] -- Up-to-date: /home/linh/ser_ws/install/depthimage_to_laserscan/share/depthimage_to_laserscan//launch/depthimage_to_laserscan_composed-launch.py
[1.885s] -- Up-to-date: /home/linh/ser_ws/install/depthimage_to_laserscan/share/depthimage_to_laserscan//cfg
[1.885s] -- Up-to-date: /home/linh/ser_ws/install/depthimage_to_laserscan/share/depthimage_to_laserscan//cfg/param.yaml
[1.892s] -- Up-to-date: /home/linh/ser_ws/install/depthimage_to_laserscan/lib/libDepthImageToLaserScan.so
[1.897s] -- Up-to-date: /home/linh/ser_ws/install/depthimage_to_laserscan/lib/libDepthImageToLaserScanROS.so
[1.898s] -- Up-to-date: /home/linh/ser_ws/install/depthimage_to_laserscan/lib/depthimage_to_laserscan/depthimage_to_laserscan_node
[1.900s] -- Up-to-date: /home/linh/ser_ws/install/depthimage_to_laserscan/include/depthimage_to_laserscan/depthimage_to_laserscan/DepthImageToLaserScan_export.h
[1.900s] -- Up-to-date: /home/linh/ser_ws/install/depthimage_to_laserscan/include/depthimage_to_laserscan/depthimage_to_laserscan/DepthImageToLaserScanROS_export.h
[1.901s] -- Up-to-date: /home/linh/ser_ws/install/depthimage_to_laserscan/share/depthimage_to_laserscan/environment/library_path.sh
[1.901s] -- Up-to-date: /home/linh/ser_ws/install/depthimage_to_laserscan/share/depthimage_to_laserscan/environment/library_path.dsv
[1.901s] -- Up-to-date: /home/linh/ser_ws/install/depthimage_to_laserscan/share/ament_index/resource_index/package_run_dependencies/depthimage_to_laserscan
[1.908s] -- Up-to-date: /home/linh/ser_ws/install/depthimage_to_laserscan/share/ament_index/resource_index/parent_prefix_path/depthimage_to_laserscan
[1.908s] -- Up-to-date: /home/linh/ser_ws/install/depthimage_to_laserscan/share/depthimage_to_laserscan/environment/ament_prefix_path.sh
[1.908s] -- Up-to-date: /home/linh/ser_ws/install/depthimage_to_laserscan/share/depthimage_to_laserscan/environment/ament_prefix_path.dsv
[1.908s] -- Up-to-date: /home/linh/ser_ws/install/depthimage_to_laserscan/share/depthimage_to_laserscan/environment/path.sh
[1.908s] -- Up-to-date: /home/linh/ser_ws/install/depthimage_to_laserscan/share/depthimage_to_laserscan/environment/path.dsv
[1.908s] -- Up-to-date: /home/linh/ser_ws/install/depthimage_to_laserscan/share/depthimage_to_laserscan/local_setup.bash
[1.908s] -- Up-to-date: /home/linh/ser_ws/install/depthimage_to_laserscan/share/depthimage_to_laserscan/local_setup.sh
[1.910s] -- Up-to-date: /home/linh/ser_ws/install/depthimage_to_laserscan/share/depthimage_to_laserscan/local_setup.zsh
[1.910s] -- Up-to-date: /home/linh/ser_ws/install/depthimage_to_laserscan/share/depthimage_to_laserscan/local_setup.dsv
[1.910s] -- Installing: /home/linh/ser_ws/install/depthimage_to_laserscan/share/depthimage_to_laserscan/package.dsv
[1.911s] -- Up-to-date: /home/linh/ser_ws/install/depthimage_to_laserscan/share/ament_index/resource_index/packages/depthimage_to_laserscan
[1.916s] -- Up-to-date: /home/linh/ser_ws/install/depthimage_to_laserscan/share/ament_index/resource_index/rclcpp_components/depthimage_to_laserscan
[1.936s] -- Up-to-date: /home/linh/ser_ws/install/depthimage_to_laserscan/share/depthimage_to_laserscan/cmake/export_depthimage_to_laserscanExport.cmake
[1.938s] -- Up-to-date: /home/linh/ser_ws/install/depthimage_to_laserscan/share/depthimage_to_laserscan/cmake/export_depthimage_to_laserscanExport-noconfig.cmake
[1.938s] -- Up-to-date: /home/linh/ser_ws/install/depthimage_to_laserscan/share/depthimage_to_laserscan/cmake/ament_cmake_export_include_directories-extras.cmake
[1.938s] -- Up-to-date: /home/linh/ser_ws/install/depthimage_to_laserscan/share/depthimage_to_laserscan/cmake/ament_cmake_export_libraries-extras.cmake
[1.938s] -- Up-to-date: /home/linh/ser_ws/install/depthimage_to_laserscan/share/depthimage_to_laserscan/cmake/ament_cmake_export_targets-extras.cmake
[1.938s] -- Up-to-date: /home/linh/ser_ws/install/depthimage_to_laserscan/share/depthimage_to_laserscan/cmake/ament_cmake_export_dependencies-extras.cmake
[1.939s] -- Up-to-date: /home/linh/ser_ws/install/depthimage_to_laserscan/share/depthimage_to_laserscan/cmake/depthimage_to_laserscanConfig.cmake
[1.939s] -- Up-to-date: /home/linh/ser_ws/install/depthimage_to_laserscan/share/depthimage_to_laserscan/cmake/depthimage_to_laserscanConfig-version.cmake
[1.939s] -- Up-to-date: /home/linh/ser_ws/install/depthimage_to_laserscan/share/depthimage_to_laserscan/package.xml
[1.951s] Invoked command in '/home/linh/ser_ws/build/depthimage_to_laserscan' returned '0': CMAKE_PREFIX_PATH=/opt/ros/humble /usr/bin/cmake --install /home/linh/ser_ws/build/depthimage_to_laserscan
