[0.218s] Invoking command in '/home/linh/ser_ws/build/my_bot': CMAKE_PREFIX_PATH=/opt/ros/humble /usr/bin/cmake --build /home/linh/ser_ws/build/my_bot -- -j2 -l2
[0.550s] Invoked command in '/home/linh/ser_ws/build/my_bot' returned '0': CMAKE_PREFIX_PATH=/opt/ros/humble /usr/bin/cmake --build /home/linh/ser_ws/build/my_bot -- -j2 -l2
[0.806s] Invoking command in '/home/linh/ser_ws/build/my_bot': CMAKE_PREFIX_PATH=/opt/ros/humble /usr/bin/cmake --install /home/linh/ser_ws/build/my_bot
[0.884s] -- Install configuration: ""
[0.895s] -- Up-to-date: /home/linh/ser_ws/install/my_bot/share/my_bot/config
[0.896s] -- Up-to-date: /home/linh/ser_ws/install/my_bot/share/my_bot/config/p2l.yaml
[0.896s] -- Installing: /home/linh/ser_ws/install/my_bot/share/my_bot/config/mapper_params_online_async.yaml
[0.907s] -- Up-to-date: /home/linh/ser_ws/install/my_bot/share/my_bot/config/gazebo_params.yaml
[0.912s] -- Up-to-date: /home/linh/ser_ws/install/my_bot/share/my_bot/config/nav2_params.yaml
[0.912s] -- Up-to-date: /home/linh/ser_ws/install/my_bot/share/my_bot/config/ekf.yaml
[0.912s] -- Up-to-date: /home/linh/ser_ws/install/my_bot/share/my_bot/config/view.rviz
[0.912s] -- Up-to-date: /home/linh/ser_ws/install/my_bot/share/my_bot/config/mecung.rviz
[0.912s] -- Up-to-date: /home/linh/ser_ws/install/my_bot/share/my_bot/config/joystick.yaml
[0.912s] -- Up-to-date: /home/linh/ser_ws/install/my_bot/share/my_bot/config/gaz_ros2_ctl_use_sim.yaml
[0.913s] -- Up-to-date: /home/linh/ser_ws/install/my_bot/share/my_bot/config/my_controllers.yaml
[0.913s] -- Up-to-date: /home/linh/ser_ws/install/my_bot/share/my_bot/config/maze_final.rviz
[0.913s] -- Up-to-date: /home/linh/ser_ws/install/my_bot/share/my_bot/config/param.yaml
[0.913s] -- Up-to-date: /home/linh/ser_ws/install/my_bot/share/my_bot/config/twist_mux.yaml
[0.913s] -- Up-to-date: /home/linh/ser_ws/install/my_bot/share/my_bot/config/map.rviz
[0.914s] -- Up-to-date: /home/linh/ser_ws/install/my_bot/share/my_bot/config/drive.rviz
[0.914s] -- Up-to-date: /home/linh/ser_ws/install/my_bot/share/my_bot/description
[0.914s] -- Up-to-date: /home/linh/ser_ws/install/my_bot/share/my_bot/description/lidar.xacro
[0.914s] -- Up-to-date: /home/linh/ser_ws/install/my_bot/share/my_bot/description/imu.xacro
[0.914s] -- Up-to-date: /home/linh/ser_ws/install/my_bot/share/my_bot/description/camera.xacro
[0.914s] -- Up-to-date: /home/linh/ser_ws/install/my_bot/share/my_bot/description/robot.urdf.xacro
[0.914s] -- Up-to-date: /home/linh/ser_ws/install/my_bot/share/my_bot/description/gazebo_control.xacro
[0.915s] -- Up-to-date: /home/linh/ser_ws/install/my_bot/share/my_bot/description/inertial_macros.xacro
[0.915s] -- Up-to-date: /home/linh/ser_ws/install/my_bot/share/my_bot/description/ros2_control.xacro
[0.921s] -- Up-to-date: /home/linh/ser_ws/install/my_bot/share/my_bot/description/robot_core.xacro
[0.921s] -- Up-to-date: /home/linh/ser_ws/install/my_bot/share/my_bot/launch
[0.921s] -- Up-to-date: /home/linh/ser_ws/install/my_bot/share/my_bot/launch/rtabmap.launch.py
[0.921s] -- Up-to-date: /home/linh/ser_ws/install/my_bot/share/my_bot/launch/rgbd_scan.launch.py
[0.922s] -- Up-to-date: /home/linh/ser_ws/install/my_bot/share/my_bot/launch/p2l.launch.py
[0.922s] -- Up-to-date: /home/linh/ser_ws/install/my_bot/share/my_bot/launch/online_async_launch.py
[0.922s] -- Up-to-date: /home/linh/ser_ws/install/my_bot/share/my_bot/launch/localization_launch.py
[0.922s] -- Up-to-date: /home/linh/ser_ws/install/my_bot/share/my_bot/launch/camera.launch.py
[0.922s] -- Up-to-date: /home/linh/ser_ws/install/my_bot/share/my_bot/launch/joystick.launch.py
[0.922s] -- Up-to-date: /home/linh/ser_ws/install/my_bot/share/my_bot/launch/map.launch.py
[0.922s] -- Up-to-date: /home/linh/ser_ws/install/my_bot/share/my_bot/launch/rsp.launch.py
[0.922s] -- Up-to-date: /home/linh/ser_ws/install/my_bot/share/my_bot/launch/launch_robot.launch.py
[0.922s] -- Up-to-date: /home/linh/ser_ws/install/my_bot/share/my_bot/launch/launch_sim.launch.py
[0.923s] -- Up-to-date: /home/linh/ser_ws/install/my_bot/share/my_bot/launch/navigation_launch.py
[0.923s] -- Up-to-date: /home/linh/ser_ws/install/my_bot/share/my_bot/launch/rgbd.launch.py
[0.923s] -- Up-to-date: /home/linh/ser_ws/install/my_bot/share/my_bot/meshes
[0.923s] -- Up-to-date: /home/linh/ser_ws/install/my_bot/share/my_bot/meshes/camera_link.dae
[0.927s] -- Up-to-date: /home/linh/ser_ws/install/my_bot/share/my_bot/meshes/chassis_link.dae
[0.927s] -- Up-to-date: /home/linh/ser_ws/install/my_bot/share/my_bot/meshes/wheel_link.dae
[0.927s] -- Up-to-date: /home/linh/ser_ws/install/my_bot/share/my_bot/meshes/plug.stl
[0.927s] -- Up-to-date: /home/linh/ser_ws/install/my_bot/share/my_bot/meshes/caster_wheel_link.dae
[0.927s] -- Up-to-date: /home/linh/ser_ws/install/my_bot/share/my_bot/meshes/plug_collision.stl
[0.927s] -- Up-to-date: /home/linh/ser_ws/install/my_bot/share/my_bot/meshes/d435.dae
[0.927s] -- Up-to-date: /home/linh/ser_ws/install/my_bot/share/ament_index/resource_index/package_run_dependencies/my_bot
[0.927s] -- Up-to-date: /home/linh/ser_ws/install/my_bot/share/ament_index/resource_index/parent_prefix_path/my_bot
[0.933s] -- Up-to-date: /home/linh/ser_ws/install/my_bot/share/my_bot/environment/ament_prefix_path.sh
[0.933s] -- Up-to-date: /home/linh/ser_ws/install/my_bot/share/my_bot/environment/ament_prefix_path.dsv
[0.933s] -- Up-to-date: /home/linh/ser_ws/install/my_bot/share/my_bot/environment/path.sh
[0.933s] -- Up-to-date: /home/linh/ser_ws/install/my_bot/share/my_bot/environment/path.dsv
[0.933s] -- Up-to-date: /home/linh/ser_ws/install/my_bot/share/my_bot/local_setup.bash
[0.935s] -- Up-to-date: /home/linh/ser_ws/install/my_bot/share/my_bot/local_setup.sh
[0.936s] -- Up-to-date: /home/linh/ser_ws/install/my_bot/share/my_bot/local_setup.zsh
[0.936s] -- Up-to-date: /home/linh/ser_ws/install/my_bot/share/my_bot/local_setup.dsv
[0.936s] -- Installing: /home/linh/ser_ws/install/my_bot/share/my_bot/package.dsv
[0.939s] -- Up-to-date: /home/linh/ser_ws/install/my_bot/share/ament_index/resource_index/packages/my_bot
[0.944s] -- Up-to-date: /home/linh/ser_ws/install/my_bot/share/my_bot/cmake/my_botConfig.cmake
[0.944s] -- Up-to-date: /home/linh/ser_ws/install/my_bot/share/my_bot/cmake/my_botConfig-version.cmake
[0.944s] -- Up-to-date: /home/linh/ser_ws/install/my_bot/share/my_bot/package.xml
[0.956s] Invoked command in '/home/linh/ser_ws/build/my_bot' returned '0': CMAKE_PREFIX_PATH=/opt/ros/humble /usr/bin/cmake --install /home/linh/ser_ws/build/my_bot
