[0.303s] Invoking command in '/home/linh/ser_ws/build/my_bot': CMAKE_PREFIX_PATH=/opt/ros/humble:${CMAKE_PREFIX_PATH} /usr/bin/cmake --build /home/linh/ser_ws/build/my_bot -- -j8 -l8
[0.571s] Invoked command in '/home/linh/ser_ws/build/my_bot' returned '0': CMAKE_PREFIX_PATH=/opt/ros/humble:${CMAKE_PREFIX_PATH} /usr/bin/cmake --build /home/linh/ser_ws/build/my_bot -- -j8 -l8
[0.652s] Invoking command in '/home/linh/ser_ws/build/my_bot': CMAKE_PREFIX_PATH=/opt/ros/humble:${CMAKE_PREFIX_PATH} /usr/bin/cmake --install /home/linh/ser_ws/build/my_bot
[0.667s] -- Install configuration: ""
[0.668s] -- Up-to-date: /home/linh/ser_ws/install/my_bot/share/my_bot/config
[0.669s] -- Up-to-date: /home/linh/ser_ws/install/my_bot/share/my_bot/config/p2l.yaml
[0.669s] -- Up-to-date: /home/linh/ser_ws/install/my_bot/share/my_bot/config/mapper_params_online_async.yaml
[0.669s] -- Up-to-date: /home/linh/ser_ws/install/my_bot/share/my_bot/config/gazebo_params.yaml
[0.670s] -- Up-to-date: /home/linh/ser_ws/install/my_bot/share/my_bot/config/nav2_params.yaml
[0.670s] -- Up-to-date: /home/linh/ser_ws/install/my_bot/share/my_bot/config/ekf.yaml
[0.671s] -- Up-to-date: /home/linh/ser_ws/install/my_bot/share/my_bot/config/view.rviz
[0.672s] -- Up-to-date: /home/linh/ser_ws/install/my_bot/share/my_bot/config/mecung.rviz
[0.672s] -- Up-to-date: /home/linh/ser_ws/install/my_bot/share/my_bot/config/joystick.yaml
[0.672s] -- Up-to-date: /home/linh/ser_ws/install/my_bot/share/my_bot/config/gaz_ros2_ctl_use_sim.yaml
[0.672s] -- Up-to-date: /home/linh/ser_ws/install/my_bot/share/my_bot/config/my_controllers.yaml
[0.673s] -- Up-to-date: /home/linh/ser_ws/install/my_bot/share/my_bot/config/maze_final.rviz
[0.673s] -- Up-to-date: /home/linh/ser_ws/install/my_bot/share/my_bot/config/param.yaml
[0.673s] -- Up-to-date: /home/linh/ser_ws/install/my_bot/share/my_bot/config/twist_mux.yaml
[0.673s] -- Up-to-date: /home/linh/ser_ws/install/my_bot/share/my_bot/config/map.rviz
[0.674s] -- Up-to-date: /home/linh/ser_ws/install/my_bot/share/my_bot/config/drive.rviz
[0.674s] -- Up-to-date: /home/linh/ser_ws/install/my_bot/share/my_bot/description
[0.674s] -- Up-to-date: /home/linh/ser_ws/install/my_bot/share/my_bot/description/lidar.xacro
[0.674s] -- Up-to-date: /home/linh/ser_ws/install/my_bot/share/my_bot/description/imu.xacro
[0.674s] -- Installing: /home/linh/ser_ws/install/my_bot/share/my_bot/description/camera.xacro
[0.675s] -- Up-to-date: /home/linh/ser_ws/install/my_bot/share/my_bot/description/robot.urdf.xacro
[0.675s] -- Up-to-date: /home/linh/ser_ws/install/my_bot/share/my_bot/description/gazebo_control.xacro
[0.675s] -- Up-to-date: /home/linh/ser_ws/install/my_bot/share/my_bot/description/inertial_macros.xacro
[0.675s] -- Up-to-date: /home/linh/ser_ws/install/my_bot/share/my_bot/description/ros2_control.xacro
[0.675s] -- Up-to-date: /home/linh/ser_ws/install/my_bot/share/my_bot/description/robot_core.xacro
[0.675s] -- Up-to-date: /home/linh/ser_ws/install/my_bot/share/my_bot/launch
[0.676s] -- Up-to-date: /home/linh/ser_ws/install/my_bot/share/my_bot/launch/rtabmap.launch.py
[0.676s] -- Up-to-date: /home/linh/ser_ws/install/my_bot/share/my_bot/launch/rgbd_scan.launch.py
[0.676s] -- Up-to-date: /home/linh/ser_ws/install/my_bot/share/my_bot/launch/p2l.launch.py
[0.676s] -- Up-to-date: /home/linh/ser_ws/install/my_bot/share/my_bot/launch/online_async_launch.py
[0.676s] -- Up-to-date: /home/linh/ser_ws/install/my_bot/share/my_bot/launch/localization_launch.py
[0.676s] -- Up-to-date: /home/linh/ser_ws/install/my_bot/share/my_bot/launch/camera.launch.py
[0.676s] -- Up-to-date: /home/linh/ser_ws/install/my_bot/share/my_bot/launch/joystick.launch.py
[0.676s] -- Up-to-date: /home/linh/ser_ws/install/my_bot/share/my_bot/launch/map.launch.py
[0.677s] -- Up-to-date: /home/linh/ser_ws/install/my_bot/share/my_bot/launch/rsp.launch.py
[0.677s] -- Up-to-date: /home/linh/ser_ws/install/my_bot/share/my_bot/launch/launch_robot.launch.py
[0.677s] -- Up-to-date: /home/linh/ser_ws/install/my_bot/share/my_bot/launch/launch_sim.launch.py
[0.677s] -- Up-to-date: /home/linh/ser_ws/install/my_bot/share/my_bot/launch/navigation_launch.py
[0.678s] -- Up-to-date: /home/linh/ser_ws/install/my_bot/share/my_bot/launch/rgbd.launch.py
[0.678s] -- Up-to-date: /home/linh/ser_ws/install/my_bot/share/my_bot/meshes
[0.678s] -- Up-to-date: /home/linh/ser_ws/install/my_bot/share/my_bot/meshes/camera_link.dae
[0.678s] -- Up-to-date: /home/linh/ser_ws/install/my_bot/share/my_bot/meshes/chassis_link.dae
[0.678s] -- Up-to-date: /home/linh/ser_ws/install/my_bot/share/my_bot/meshes/wheel_link.dae
[0.678s] -- Up-to-date: /home/linh/ser_ws/install/my_bot/share/my_bot/meshes/plug.stl
[0.678s] -- Up-to-date: /home/linh/ser_ws/install/my_bot/share/my_bot/meshes/caster_wheel_link.dae
[0.678s] -- Up-to-date: /home/linh/ser_ws/install/my_bot/share/my_bot/meshes/plug_collision.stl
[0.679s] -- Up-to-date: /home/linh/ser_ws/install/my_bot/share/my_bot/meshes/d435.dae
[0.680s] -- Up-to-date: /home/linh/ser_ws/install/my_bot/share/ament_index/resource_index/package_run_dependencies/my_bot
[0.680s] -- Up-to-date: /home/linh/ser_ws/install/my_bot/share/ament_index/resource_index/parent_prefix_path/my_bot
[0.680s] -- Up-to-date: /home/linh/ser_ws/install/my_bot/share/my_bot/environment/ament_prefix_path.sh
[0.681s] -- Up-to-date: /home/linh/ser_ws/install/my_bot/share/my_bot/environment/ament_prefix_path.dsv
[0.681s] -- Up-to-date: /home/linh/ser_ws/install/my_bot/share/my_bot/environment/path.sh
[0.681s] -- Up-to-date: /home/linh/ser_ws/install/my_bot/share/my_bot/environment/path.dsv
[0.681s] -- Up-to-date: /home/linh/ser_ws/install/my_bot/share/my_bot/local_setup.bash
[0.681s] -- Up-to-date: /home/linh/ser_ws/install/my_bot/share/my_bot/local_setup.sh
[0.681s] -- Up-to-date: /home/linh/ser_ws/install/my_bot/share/my_bot/local_setup.zsh
[0.681s] -- Up-to-date: /home/linh/ser_ws/install/my_bot/share/my_bot/local_setup.dsv
[0.682s] -- Installing: /home/linh/ser_ws/install/my_bot/share/my_bot/package.dsv
[0.684s] -- Up-to-date: /home/linh/ser_ws/install/my_bot/share/ament_index/resource_index/packages/my_bot
[0.685s] -- Up-to-date: /home/linh/ser_ws/install/my_bot/share/my_bot/cmake/my_botConfig.cmake
[0.685s] -- Up-to-date: /home/linh/ser_ws/install/my_bot/share/my_bot/cmake/my_botConfig-version.cmake
[0.685s] -- Up-to-date: /home/linh/ser_ws/install/my_bot/share/my_bot/package.xml
[0.688s] Invoked command in '/home/linh/ser_ws/build/my_bot' returned '0': CMAKE_PREFIX_PATH=/opt/ros/humble:${CMAKE_PREFIX_PATH} /usr/bin/cmake --install /home/linh/ser_ws/build/my_bot
