[0.469s] Invoking command in '/home/linh/ser_ws/build/depthimage_to_laserscan': CMAKE_PREFIX_PATH=/opt/ros/humble:${CMAKE_PREFIX_PATH} /usr/bin/cmake --build /home/linh/ser_ws/build/depthimage_to_laserscan -- -j2 -l2
[0.951s] [35m[1mConsolidate compiler generated dependencies of target DepthImageToLaserScan[0m
[1.031s] [ 16%] Built target DepthImageToLaserScan
[1.183s] [35m[1mConsolidate compiler generated dependencies of target gtest_main[0m
[1.296s] [ 33%] Built target gtest_main
[1.372s] [35m[1mConsolidate compiler generated dependencies of target gtest[0m
[1.474s] [ 50%] Built target gtest
[1.552s] [35m[1mConsolidate compiler generated dependencies of target DepthImageToLaserScanROS[0m
[1.641s] [ 66%] Built target DepthImageToLaserScanROS
[1.753s] [35m[1mConsolidate compiler generated dependencies of target depthimage_to_laserscan-test[0m
[1.919s] [ 83%] Built target depthimage_to_laserscan-test
[2.108s] [35m[1mConsolidate compiler generated dependencies of target depthimage_to_laserscan_node[0m
[2.256s] [100%] Built target depthimage_to_laserscan_node
[2.377s] Invoked command in '/home/linh/ser_ws/build/depthimage_to_laserscan' returned '0': CMAKE_PREFIX_PATH=/opt/ros/humble:${CMAKE_PREFIX_PATH} /usr/bin/cmake --build /home/linh/ser_ws/build/depthimage_to_laserscan -- -j2 -l2
[2.850s] Invoking command in '/home/linh/ser_ws/build/depthimage_to_laserscan': CMAKE_PREFIX_PATH=/opt/ros/humble:${CMAKE_PREFIX_PATH} /usr/bin/cmake --install /home/linh/ser_ws/build/depthimage_to_laserscan
[2.893s] -- Install configuration: ""
[2.894s] -- Up-to-date: /home/linh/ser_ws/install/depthimage_to_laserscan/include/depthimage_to_laserscan
[2.894s] -- Up-to-date: /home/linh/ser_ws/install/depthimage_to_laserscan/include/depthimage_to_laserscan/depthimage_to_laserscan
[2.894s] -- Up-to-date: /home/linh/ser_ws/install/depthimage_to_laserscan/include/depthimage_to_laserscan/depthimage_to_laserscan/DepthImageToLaserScanROS.hpp
[2.894s] -- Up-to-date: /home/linh/ser_ws/install/depthimage_to_laserscan/include/depthimage_to_laserscan/depthimage_to_laserscan/DepthImageToLaserScan.hpp
[2.894s] -- Up-to-date: /home/linh/ser_ws/install/depthimage_to_laserscan/include/depthimage_to_laserscan/depthimage_to_laserscan/depth_traits.hpp
[2.895s] -- Up-to-date: /home/linh/ser_ws/install/depthimage_to_laserscan/share/depthimage_to_laserscan//launch
[2.895s] -- Up-to-date: /home/linh/ser_ws/install/depthimage_to_laserscan/share/depthimage_to_laserscan//launch/depthimage_to_laserscan-launch.py
[2.895s] -- Up-to-date: /home/linh/ser_ws/install/depthimage_to_laserscan/share/depthimage_to_laserscan//launch/depthimage_to_laserscan_composed-launch.py
[2.895s] -- Up-to-date: /home/linh/ser_ws/install/depthimage_to_laserscan/share/depthimage_to_laserscan//cfg
[2.896s] -- Up-to-date: /home/linh/ser_ws/install/depthimage_to_laserscan/share/depthimage_to_laserscan//cfg/param.yaml
[2.901s] -- Up-to-date: /home/linh/ser_ws/install/depthimage_to_laserscan/lib/libDepthImageToLaserScan.so
[2.901s] -- Up-to-date: /home/linh/ser_ws/install/depthimage_to_laserscan/lib/libDepthImageToLaserScanROS.so
[2.901s] -- Up-to-date: /home/linh/ser_ws/install/depthimage_to_laserscan/lib/depthimage_to_laserscan/depthimage_to_laserscan_node
[2.901s] -- Up-to-date: /home/linh/ser_ws/install/depthimage_to_laserscan/include/depthimage_to_laserscan/depthimage_to_laserscan/DepthImageToLaserScan_export.h
[2.902s] -- Up-to-date: /home/linh/ser_ws/install/depthimage_to_laserscan/include/depthimage_to_laserscan/depthimage_to_laserscan/DepthImageToLaserScanROS_export.h
[2.902s] -- Up-to-date: /home/linh/ser_ws/install/depthimage_to_laserscan/share/depthimage_to_laserscan/environment/library_path.sh
[2.902s] -- Up-to-date: /home/linh/ser_ws/install/depthimage_to_laserscan/share/depthimage_to_laserscan/environment/library_path.dsv
[2.902s] -- Up-to-date: /home/linh/ser_ws/install/depthimage_to_laserscan/share/ament_index/resource_index/package_run_dependencies/depthimage_to_laserscan
[2.909s] -- Up-to-date: /home/linh/ser_ws/install/depthimage_to_laserscan/share/ament_index/resource_index/parent_prefix_path/depthimage_to_laserscan
[2.914s] -- Up-to-date: /home/linh/ser_ws/install/depthimage_to_laserscan/share/depthimage_to_laserscan/environment/ament_prefix_path.sh
[2.914s] -- Up-to-date: /home/linh/ser_ws/install/depthimage_to_laserscan/share/depthimage_to_laserscan/environment/ament_prefix_path.dsv
[2.915s] -- Up-to-date: /home/linh/ser_ws/install/depthimage_to_laserscan/share/depthimage_to_laserscan/environment/path.sh
[2.915s] -- Up-to-date: /home/linh/ser_ws/install/depthimage_to_laserscan/share/depthimage_to_laserscan/environment/path.dsv
[2.915s] -- Up-to-date: /home/linh/ser_ws/install/depthimage_to_laserscan/share/depthimage_to_laserscan/local_setup.bash
[2.915s] -- Up-to-date: /home/linh/ser_ws/install/depthimage_to_laserscan/share/depthimage_to_laserscan/local_setup.sh
[2.915s] -- Up-to-date: /home/linh/ser_ws/install/depthimage_to_laserscan/share/depthimage_to_laserscan/local_setup.zsh
[2.915s] -- Up-to-date: /home/linh/ser_ws/install/depthimage_to_laserscan/share/depthimage_to_laserscan/local_setup.dsv
[2.916s] -- Installing: /home/linh/ser_ws/install/depthimage_to_laserscan/share/depthimage_to_laserscan/package.dsv
[2.916s] -- Up-to-date: /home/linh/ser_ws/install/depthimage_to_laserscan/share/ament_index/resource_index/packages/depthimage_to_laserscan
[2.916s] -- Up-to-date: /home/linh/ser_ws/install/depthimage_to_laserscan/share/ament_index/resource_index/rclcpp_components/depthimage_to_laserscan
[2.916s] -- Up-to-date: /home/linh/ser_ws/install/depthimage_to_laserscan/share/depthimage_to_laserscan/cmake/export_depthimage_to_laserscanExport.cmake
[2.916s] -- Up-to-date: /home/linh/ser_ws/install/depthimage_to_laserscan/share/depthimage_to_laserscan/cmake/export_depthimage_to_laserscanExport-noconfig.cmake
[2.916s] -- Up-to-date: /home/linh/ser_ws/install/depthimage_to_laserscan/share/depthimage_to_laserscan/cmake/ament_cmake_export_include_directories-extras.cmake
[2.916s] -- Up-to-date: /home/linh/ser_ws/install/depthimage_to_laserscan/share/depthimage_to_laserscan/cmake/ament_cmake_export_libraries-extras.cmake
[2.917s] -- Up-to-date: /home/linh/ser_ws/install/depthimage_to_laserscan/share/depthimage_to_laserscan/cmake/ament_cmake_export_targets-extras.cmake
[2.917s] -- Up-to-date: /home/linh/ser_ws/install/depthimage_to_laserscan/share/depthimage_to_laserscan/cmake/ament_cmake_export_dependencies-extras.cmake
[2.917s] -- Up-to-date: /home/linh/ser_ws/install/depthimage_to_laserscan/share/depthimage_to_laserscan/cmake/depthimage_to_laserscanConfig.cmake
[2.917s] -- Up-to-date: /home/linh/ser_ws/install/depthimage_to_laserscan/share/depthimage_to_laserscan/cmake/depthimage_to_laserscanConfig-version.cmake
[2.917s] -- Up-to-date: /home/linh/ser_ws/install/depthimage_to_laserscan/share/depthimage_to_laserscan/package.xml
[2.950s] Invoked command in '/home/linh/ser_ws/build/depthimage_to_laserscan' returned '0': CMAKE_PREFIX_PATH=/opt/ros/humble:${CMAKE_PREFIX_PATH} /usr/bin/cmake --install /home/linh/ser_ws/build/depthimage_to_laserscan
