[0.182s] Invoking command in '/home/linh/ser_ws/build/realsense_gazebo_plugin': /usr/bin/cmake --build /home/linh/ser_ws/build/realsense_gazebo_plugin -- -j8 -l8
[0.865s] [100%] Built target realsense_gazebo_plugin
[0.907s] Invoked command in '/home/linh/ser_ws/build/realsense_gazebo_plugin' returned '0': /usr/bin/cmake --build /home/linh/ser_ws/build/realsense_gazebo_plugin -- -j8 -l8
[1.343s] Invoking command in '/home/linh/ser_ws/build/realsense_gazebo_plugin': /usr/bin/cmake --install /home/linh/ser_ws/build/realsense_gazebo_plugin
[1.358s] -- Install configuration: ""
[1.360s] -- Up-to-date: /home/linh/ser_ws/install/realsense_gazebo_plugin/lib/librealsense_gazebo_plugin.so
[1.360s] -- Up-to-date: /home/linh/ser_ws/install/realsense_gazebo_plugin/include/
[1.361s] -- Up-to-date: /home/linh/ser_ws/install/realsense_gazebo_plugin/include//realsense_gazebo_plugin
[1.362s] -- Up-to-date: /home/linh/ser_ws/install/realsense_gazebo_plugin/include//realsense_gazebo_plugin/gazebo_ros_realsense.h
[1.362s] -- Up-to-date: /home/linh/ser_ws/install/realsense_gazebo_plugin/include//realsense_gazebo_plugin/RealSensePlugin.h
[1.363s] -- Up-to-date: /home/linh/ser_ws/install/realsense_gazebo_plugin/share/realsense_gazebo_plugin/environment/library_path.sh
[1.363s] -- Up-to-date: /home/linh/ser_ws/install/realsense_gazebo_plugin/share/realsense_gazebo_plugin/environment/library_path.dsv
[1.363s] -- Up-to-date: /home/linh/ser_ws/install/realsense_gazebo_plugin/share/ament_index/resource_index/package_run_dependencies/realsense_gazebo_plugin
[1.366s] -- Up-to-date: /home/linh/ser_ws/install/realsense_gazebo_plugin/share/ament_index/resource_index/parent_prefix_path/realsense_gazebo_plugin
[1.366s] -- Up-to-date: /home/linh/ser_ws/install/realsense_gazebo_plugin/share/realsense_gazebo_plugin/environment/ament_prefix_path.sh
[1.367s] -- Up-to-date: /home/linh/ser_ws/install/realsense_gazebo_plugin/share/realsense_gazebo_plugin/environment/ament_prefix_path.dsv
[1.367s] -- Up-to-date: /home/linh/ser_ws/install/realsense_gazebo_plugin/share/realsense_gazebo_plugin/environment/path.sh
[1.367s] -- Up-to-date: /home/linh/ser_ws/install/realsense_gazebo_plugin/share/realsense_gazebo_plugin/environment/path.dsv
[1.367s] -- Up-to-date: /home/linh/ser_ws/install/realsense_gazebo_plugin/share/realsense_gazebo_plugin/local_setup.bash
[1.367s] -- Up-to-date: /home/linh/ser_ws/install/realsense_gazebo_plugin/share/realsense_gazebo_plugin/local_setup.sh
[1.368s] -- Up-to-date: /home/linh/ser_ws/install/realsense_gazebo_plugin/share/realsense_gazebo_plugin/local_setup.zsh
[1.368s] -- Up-to-date: /home/linh/ser_ws/install/realsense_gazebo_plugin/share/realsense_gazebo_plugin/local_setup.dsv
[1.368s] -- Installing: /home/linh/ser_ws/install/realsense_gazebo_plugin/share/realsense_gazebo_plugin/package.dsv
[1.369s] -- Up-to-date: /home/linh/ser_ws/install/realsense_gazebo_plugin/share/ament_index/resource_index/packages/realsense_gazebo_plugin
[1.369s] -- Up-to-date: /home/linh/ser_ws/install/realsense_gazebo_plugin/share/realsense_gazebo_plugin/cmake/ament_cmake_export_include_directories-extras.cmake
[1.370s] -- Up-to-date: /home/linh/ser_ws/install/realsense_gazebo_plugin/share/realsense_gazebo_plugin/cmake/ament_cmake_export_libraries-extras.cmake
[1.370s] -- Up-to-date: /home/linh/ser_ws/install/realsense_gazebo_plugin/share/realsense_gazebo_plugin/cmake/realsense_gazebo_pluginConfig.cmake
[1.370s] -- Up-to-date: /home/linh/ser_ws/install/realsense_gazebo_plugin/share/realsense_gazebo_plugin/cmake/realsense_gazebo_pluginConfig-version.cmake
[1.370s] -- Up-to-date: /home/linh/ser_ws/install/realsense_gazebo_plugin/share/realsense_gazebo_plugin/package.xml
[1.371s] Invoked command in '/home/linh/ser_ws/build/realsense_gazebo_plugin' returned '0': /usr/bin/cmake --install /home/linh/ser_ws/build/realsense_gazebo_plugin
