[0.199s] Invoking command in '/home/linh/ser_ws/build/realsense_gazebo_plugin': /usr/bin/cmake --build /home/linh/ser_ws/build/realsense_gazebo_plugin -- -j2 -l2
[0.813s] [100%] Built target realsense_gazebo_plugin
[0.919s] Invoked command in '/home/linh/ser_ws/build/realsense_gazebo_plugin' returned '0': /usr/bin/cmake --build /home/linh/ser_ws/build/realsense_gazebo_plugin -- -j2 -l2
[1.578s] Invoking command in '/home/linh/ser_ws/build/realsense_gazebo_plugin': /usr/bin/cmake --install /home/linh/ser_ws/build/realsense_gazebo_plugin
[1.605s] -- Install configuration: ""
[1.605s] -- Up-to-date: /home/linh/ser_ws/install/realsense_gazebo_plugin/lib/librealsense_gazebo_plugin.so
[1.606s] -- Up-to-date: /home/linh/ser_ws/install/realsense_gazebo_plugin/include/
[1.607s] -- Up-to-date: /home/linh/ser_ws/install/realsense_gazebo_plugin/include//realsense_gazebo_plugin
[1.622s] -- Up-to-date: /home/linh/ser_ws/install/realsense_gazebo_plugin/include//realsense_gazebo_plugin/gazebo_ros_realsense.h
[1.622s] -- Up-to-date: /home/linh/ser_ws/install/realsense_gazebo_plugin/include//realsense_gazebo_plugin/RealSensePlugin.h
[1.622s] -- Up-to-date: /home/linh/ser_ws/install/realsense_gazebo_plugin/share/realsense_gazebo_plugin/environment/library_path.sh
[1.623s] -- Up-to-date: /home/linh/ser_ws/install/realsense_gazebo_plugin/share/realsense_gazebo_plugin/environment/library_path.dsv
[1.623s] -- Up-to-date: /home/linh/ser_ws/install/realsense_gazebo_plugin/share/ament_index/resource_index/package_run_dependencies/realsense_gazebo_plugin
[1.623s] -- Up-to-date: /home/linh/ser_ws/install/realsense_gazebo_plugin/share/ament_index/resource_index/parent_prefix_path/realsense_gazebo_plugin
[1.624s] -- Up-to-date: /home/linh/ser_ws/install/realsense_gazebo_plugin/share/realsense_gazebo_plugin/environment/ament_prefix_path.sh
[1.624s] -- Up-to-date: /home/linh/ser_ws/install/realsense_gazebo_plugin/share/realsense_gazebo_plugin/environment/ament_prefix_path.dsv
[1.624s] -- Up-to-date: /home/linh/ser_ws/install/realsense_gazebo_plugin/share/realsense_gazebo_plugin/environment/path.sh
[1.633s] -- Up-to-date: /home/linh/ser_ws/install/realsense_gazebo_plugin/share/realsense_gazebo_plugin/environment/path.dsv
[1.633s] -- Up-to-date: /home/linh/ser_ws/install/realsense_gazebo_plugin/share/realsense_gazebo_plugin/local_setup.bash
[1.634s] -- Up-to-date: /home/linh/ser_ws/install/realsense_gazebo_plugin/share/realsense_gazebo_plugin/local_setup.sh
[1.634s] -- Up-to-date: /home/linh/ser_ws/install/realsense_gazebo_plugin/share/realsense_gazebo_plugin/local_setup.zsh
[1.634s] -- Up-to-date: /home/linh/ser_ws/install/realsense_gazebo_plugin/share/realsense_gazebo_plugin/local_setup.dsv
[1.634s] -- Installing: /home/linh/ser_ws/install/realsense_gazebo_plugin/share/realsense_gazebo_plugin/package.dsv
[1.634s] -- Up-to-date: /home/linh/ser_ws/install/realsense_gazebo_plugin/share/ament_index/resource_index/packages/realsense_gazebo_plugin
[1.635s] -- Up-to-date: /home/linh/ser_ws/install/realsense_gazebo_plugin/share/realsense_gazebo_plugin/cmake/ament_cmake_export_include_directories-extras.cmake
[1.635s] -- Up-to-date: /home/linh/ser_ws/install/realsense_gazebo_plugin/share/realsense_gazebo_plugin/cmake/ament_cmake_export_libraries-extras.cmake
[1.635s] -- Up-to-date: /home/linh/ser_ws/install/realsense_gazebo_plugin/share/realsense_gazebo_plugin/cmake/realsense_gazebo_pluginConfig.cmake
[1.635s] -- Up-to-date: /home/linh/ser_ws/install/realsense_gazebo_plugin/share/realsense_gazebo_plugin/cmake/realsense_gazebo_pluginConfig-version.cmake
[1.635s] -- Up-to-date: /home/linh/ser_ws/install/realsense_gazebo_plugin/share/realsense_gazebo_plugin/package.xml
[1.636s] Invoked command in '/home/linh/ser_ws/build/realsense_gazebo_plugin' returned '0': /usr/bin/cmake --install /home/linh/ser_ws/build/realsense_gazebo_plugin
