[0.159s] Invoking command in '/home/linh/ser_ws/build/my_bot': CMAKE_PREFIX_PATH=/opt/ros/humble /usr/bin/cmake --build /home/linh/ser_ws/build/my_bot -- -j2 -l2
[0.453s] Invoked command in '/home/linh/ser_ws/build/my_bot' returned '0': CMAKE_PREFIX_PATH=/opt/ros/humble /usr/bin/cmake --build /home/linh/ser_ws/build/my_bot -- -j2 -l2
[0.560s] Invoking command in '/home/linh/ser_ws/build/my_bot': CMAKE_PREFIX_PATH=/opt/ros/humble /usr/bin/cmake --install /home/linh/ser_ws/build/my_bot
[0.577s] -- Install configuration: ""
[0.582s] -- Up-to-date: /home/linh/ser_ws/install/my_bot/share/my_bot/config
[0.585s] -- Up-to-date: /home/linh/ser_ws/install/my_bot/share/my_bot/config/p2l.yaml
[0.585s] -- Up-to-date: /home/linh/ser_ws/install/my_bot/share/my_bot/config/mapper_params_online_async.yaml
[0.585s] -- Up-to-date: /home/linh/ser_ws/install/my_bot/share/my_bot/config/gazebo_params.yaml
[0.585s] -- Up-to-date: /home/linh/ser_ws/install/my_bot/share/my_bot/config/nav2_params.yaml
[0.585s] -- Up-to-date: /home/linh/ser_ws/install/my_bot/share/my_bot/config/ekf.yaml
[0.585s] -- Up-to-date: /home/linh/ser_ws/install/my_bot/share/my_bot/config/view.rviz
[0.586s] -- Up-to-date: /home/linh/ser_ws/install/my_bot/share/my_bot/config/mecung.rviz
[0.586s] -- Up-to-date: /home/linh/ser_ws/install/my_bot/share/my_bot/config/joystick.yaml
[0.586s] -- Up-to-date: /home/linh/ser_ws/install/my_bot/share/my_bot/config/gaz_ros2_ctl_use_sim.yaml
[0.586s] -- Up-to-date: /home/linh/ser_ws/install/my_bot/share/my_bot/config/my_controllers.yaml
[0.586s] -- Up-to-date: /home/linh/ser_ws/install/my_bot/share/my_bot/config/maze_final.rviz
[0.587s] -- Up-to-date: /home/linh/ser_ws/install/my_bot/share/my_bot/config/param.yaml
[0.587s] -- Up-to-date: /home/linh/ser_ws/install/my_bot/share/my_bot/config/twist_mux.yaml
[0.588s] -- Up-to-date: /home/linh/ser_ws/install/my_bot/share/my_bot/config/map.rviz
[0.588s] -- Up-to-date: /home/linh/ser_ws/install/my_bot/share/my_bot/config/drive.rviz
[0.588s] -- Up-to-date: /home/linh/ser_ws/install/my_bot/share/my_bot/description
[0.589s] -- Up-to-date: /home/linh/ser_ws/install/my_bot/share/my_bot/description/lidar.xacro
[0.589s] -- Up-to-date: /home/linh/ser_ws/install/my_bot/share/my_bot/description/imu.xacro
[0.589s] -- Up-to-date: /home/linh/ser_ws/install/my_bot/share/my_bot/description/camera.xacro
[0.589s] -- Up-to-date: /home/linh/ser_ws/install/my_bot/share/my_bot/description/robot.urdf.xacro
[0.590s] -- Up-to-date: /home/linh/ser_ws/install/my_bot/share/my_bot/description/gazebo_control.xacro
[0.590s] -- Up-to-date: /home/linh/ser_ws/install/my_bot/share/my_bot/description/inertial_macros.xacro
[0.590s] -- Up-to-date: /home/linh/ser_ws/install/my_bot/share/my_bot/description/ros2_control.xacro
[0.590s] -- Up-to-date: /home/linh/ser_ws/install/my_bot/share/my_bot/description/robot_core.xacro
[0.590s] -- Up-to-date: /home/linh/ser_ws/install/my_bot/share/my_bot/launch
[0.591s] -- Up-to-date: /home/linh/ser_ws/install/my_bot/share/my_bot/launch/rtabmap.launch.py
[0.592s] -- Up-to-date: /home/linh/ser_ws/install/my_bot/share/my_bot/launch/p2l.launch.py
[0.592s] -- Up-to-date: /home/linh/ser_ws/install/my_bot/share/my_bot/launch/online_async_launch.py
[0.592s] -- Up-to-date: /home/linh/ser_ws/install/my_bot/share/my_bot/launch/localization_launch.py
[0.593s] -- Up-to-date: /home/linh/ser_ws/install/my_bot/share/my_bot/launch/camera.launch.py
[0.593s] -- Up-to-date: /home/linh/ser_ws/install/my_bot/share/my_bot/launch/joystick.launch.py
[0.593s] -- Up-to-date: /home/linh/ser_ws/install/my_bot/share/my_bot/launch/map.launch.py
[0.593s] -- Up-to-date: /home/linh/ser_ws/install/my_bot/share/my_bot/launch/rsp.launch.py
[0.593s] -- Up-to-date: /home/linh/ser_ws/install/my_bot/share/my_bot/launch/launch_robot.launch.py
[0.594s] -- Up-to-date: /home/linh/ser_ws/install/my_bot/share/my_bot/launch/launch_sim.launch.py
[0.594s] -- Up-to-date: /home/linh/ser_ws/install/my_bot/share/my_bot/launch/navigation_launch.py
[0.594s] -- Up-to-date: /home/linh/ser_ws/install/my_bot/share/my_bot/launch/rgbd.launch.py
[0.594s] -- Up-to-date: /home/linh/ser_ws/install/my_bot/share/my_bot/meshes
[0.595s] -- Up-to-date: /home/linh/ser_ws/install/my_bot/share/my_bot/meshes/camera_link.dae
[0.595s] -- Up-to-date: /home/linh/ser_ws/install/my_bot/share/my_bot/meshes/chassis_link.dae
[0.595s] -- Up-to-date: /home/linh/ser_ws/install/my_bot/share/my_bot/meshes/wheel_link.dae
[0.595s] -- Up-to-date: /home/linh/ser_ws/install/my_bot/share/my_bot/meshes/plug.stl
[0.595s] -- Up-to-date: /home/linh/ser_ws/install/my_bot/share/my_bot/meshes/caster_wheel_link.dae
[0.595s] -- Up-to-date: /home/linh/ser_ws/install/my_bot/share/my_bot/meshes/plug_collision.stl
[0.595s] -- Up-to-date: /home/linh/ser_ws/install/my_bot/share/my_bot/meshes/d435.dae
[0.596s] -- Up-to-date: /home/linh/ser_ws/install/my_bot/share/ament_index/resource_index/package_run_dependencies/my_bot
[0.597s] -- Up-to-date: /home/linh/ser_ws/install/my_bot/share/ament_index/resource_index/parent_prefix_path/my_bot
[0.599s] -- Up-to-date: /home/linh/ser_ws/install/my_bot/share/my_bot/environment/ament_prefix_path.sh
[0.599s] -- Up-to-date: /home/linh/ser_ws/install/my_bot/share/my_bot/environment/ament_prefix_path.dsv
[0.599s] -- Up-to-date: /home/linh/ser_ws/install/my_bot/share/my_bot/environment/path.sh
[0.599s] -- Up-to-date: /home/linh/ser_ws/install/my_bot/share/my_bot/environment/path.dsv
[0.600s] -- Up-to-date: /home/linh/ser_ws/install/my_bot/share/my_bot/local_setup.bash
[0.600s] -- Up-to-date: /home/linh/ser_ws/install/my_bot/share/my_bot/local_setup.sh
[0.600s] -- Up-to-date: /home/linh/ser_ws/install/my_bot/share/my_bot/local_setup.zsh
[0.600s] -- Up-to-date: /home/linh/ser_ws/install/my_bot/share/my_bot/local_setup.dsv
[0.600s] -- Installing: /home/linh/ser_ws/install/my_bot/share/my_bot/package.dsv
[0.601s] -- Up-to-date: /home/linh/ser_ws/install/my_bot/share/ament_index/resource_index/packages/my_bot
[0.602s] -- Up-to-date: /home/linh/ser_ws/install/my_bot/share/my_bot/cmake/my_botConfig.cmake
[0.602s] -- Up-to-date: /home/linh/ser_ws/install/my_bot/share/my_bot/cmake/my_botConfig-version.cmake
[0.603s] -- Up-to-date: /home/linh/ser_ws/install/my_bot/share/my_bot/package.xml
[0.608s] Invoked command in '/home/linh/ser_ws/build/my_bot' returned '0': CMAKE_PREFIX_PATH=/opt/ros/humble /usr/bin/cmake --install /home/linh/ser_ws/build/my_bot
