[0.123s] Invoking command in '/home/linh/ser_ws/build/realsense_gazebo_plugin': /usr/bin/cmake --build /home/linh/ser_ws/build/realsense_gazebo_plugin -- -j2 -l2
[0.447s] [100%] Built target realsense_gazebo_plugin
[0.465s] Invoked command in '/home/linh/ser_ws/build/realsense_gazebo_plugin' returned '0': /usr/bin/cmake --build /home/linh/ser_ws/build/realsense_gazebo_plugin -- -j2 -l2
[0.860s] Invoking command in '/home/linh/ser_ws/build/realsense_gazebo_plugin': /usr/bin/cmake --install /home/linh/ser_ws/build/realsense_gazebo_plugin
[0.880s] -- Install configuration: ""
[0.884s] -- Up-to-date: /home/linh/ser_ws/install/realsense_gazebo_plugin/lib/librealsense_gazebo_plugin.so
[0.885s] -- Up-to-date: /home/linh/ser_ws/install/realsense_gazebo_plugin/include/
[0.886s] -- Up-to-date: /home/linh/ser_ws/install/realsense_gazebo_plugin/include//realsense_gazebo_plugin
[0.887s] -- Up-to-date: /home/linh/ser_ws/install/realsense_gazebo_plugin/include//realsense_gazebo_plugin/gazebo_ros_realsense.h
[0.887s] -- Up-to-date: /home/linh/ser_ws/install/realsense_gazebo_plugin/include//realsense_gazebo_plugin/RealSensePlugin.h
[0.888s] -- Up-to-date: /home/linh/ser_ws/install/realsense_gazebo_plugin/share/realsense_gazebo_plugin/environment/library_path.sh
[0.888s] -- Up-to-date: /home/linh/ser_ws/install/realsense_gazebo_plugin/share/realsense_gazebo_plugin/environment/library_path.dsv
[0.891s] -- Up-to-date: /home/linh/ser_ws/install/realsense_gazebo_plugin/share/ament_index/resource_index/package_run_dependencies/realsense_gazebo_plugin
[0.892s] -- Up-to-date: /home/linh/ser_ws/install/realsense_gazebo_plugin/share/ament_index/resource_index/parent_prefix_path/realsense_gazebo_plugin
[0.893s] -- Up-to-date: /home/linh/ser_ws/install/realsense_gazebo_plugin/share/realsense_gazebo_plugin/environment/ament_prefix_path.sh
[0.893s] -- Up-to-date: /home/linh/ser_ws/install/realsense_gazebo_plugin/share/realsense_gazebo_plugin/environment/ament_prefix_path.dsv
[0.893s] -- Up-to-date: /home/linh/ser_ws/install/realsense_gazebo_plugin/share/realsense_gazebo_plugin/environment/path.sh
[0.894s] -- Up-to-date: /home/linh/ser_ws/install/realsense_gazebo_plugin/share/realsense_gazebo_plugin/environment/path.dsv
[0.894s] -- Up-to-date: /home/linh/ser_ws/install/realsense_gazebo_plugin/share/realsense_gazebo_plugin/local_setup.bash
[0.894s] -- Up-to-date: /home/linh/ser_ws/install/realsense_gazebo_plugin/share/realsense_gazebo_plugin/local_setup.sh
[0.894s] -- Up-to-date: /home/linh/ser_ws/install/realsense_gazebo_plugin/share/realsense_gazebo_plugin/local_setup.zsh
[0.895s] -- Up-to-date: /home/linh/ser_ws/install/realsense_gazebo_plugin/share/realsense_gazebo_plugin/local_setup.dsv
[0.895s] -- Installing: /home/linh/ser_ws/install/realsense_gazebo_plugin/share/realsense_gazebo_plugin/package.dsv
[0.896s] -- Up-to-date: /home/linh/ser_ws/install/realsense_gazebo_plugin/share/ament_index/resource_index/packages/realsense_gazebo_plugin
[0.897s] -- Up-to-date: /home/linh/ser_ws/install/realsense_gazebo_plugin/share/realsense_gazebo_plugin/cmake/ament_cmake_export_include_directories-extras.cmake
[0.897s] -- Up-to-date: /home/linh/ser_ws/install/realsense_gazebo_plugin/share/realsense_gazebo_plugin/cmake/ament_cmake_export_libraries-extras.cmake
[0.897s] -- Up-to-date: /home/linh/ser_ws/install/realsense_gazebo_plugin/share/realsense_gazebo_plugin/cmake/realsense_gazebo_pluginConfig.cmake
[0.898s] -- Up-to-date: /home/linh/ser_ws/install/realsense_gazebo_plugin/share/realsense_gazebo_plugin/cmake/realsense_gazebo_pluginConfig-version.cmake
[0.898s] -- Up-to-date: /home/linh/ser_ws/install/realsense_gazebo_plugin/share/realsense_gazebo_plugin/package.xml
[0.901s] Invoked command in '/home/linh/ser_ws/build/realsense_gazebo_plugin' returned '0': /usr/bin/cmake --install /home/linh/ser_ws/build/realsense_gazebo_plugin
