[0.171s] Invoking command in '/home/linh/ser_ws/build/my_bot': CMAKE_PREFIX_PATH=/opt/ros/humble /usr/bin/cmake /home/linh/ser_ws/src/my_bot -DCMAKE_INSTALL_PREFIX=/home/linh/ser_ws/install/my_bot
[0.816s] -- The C compiler identification is GNU 11.4.0
[1.309s] -- The CXX compiler identification is GNU 11.4.0
[1.340s] -- Detecting C compiler ABI info
[1.544s] -- Detecting C compiler ABI info - done
[1.560s] -- Check for working C compiler: /usr/bin/cc - skipped
[1.562s] -- Detecting C compile features
[1.565s] -- Detecting C compile features - done
[1.578s] -- Detecting CXX compiler ABI info
[1.929s] -- Detecting CXX compiler ABI info - done
[1.962s] -- Check for working CXX compiler: /usr/bin/c++ - skipped
[1.966s] -- Detecting CXX compile features
[1.967s] -- Detecting CXX compile features - done
[2.007s] -- Found ament_cmake: 1.3.5 (/opt/ros/humble/share/ament_cmake/cmake)
[2.524s] -- Found Python3: /usr/bin/python3.10 (found version "3.10.12") found components: Interpreter 
[2.814s] -- Found urdf: 2.6.0 (/opt/ros/humble/share/urdf/cmake)
[2.956s] -- Found ament_lint_auto: 0.12.8 (/opt/ros/humble/share/ament_lint_auto/cmake)
[3.161s] -- Added test 'flake8' to check Python code syntax and style conventions
[3.165s] -- Added test 'lint_cmake' to check CMake code style
[3.167s] -- Added test 'pep257' to check Python code against some of the docstring style conventions in PEP 257
[3.176s] -- Added test 'xmllint' to check XML markup files
[3.183s] -- Configuring done
[3.193s] -- Generating done
[3.196s] -- Build files have been written to: /home/linh/ser_ws/build/my_bot
[3.212s] Invoked command in '/home/linh/ser_ws/build/my_bot' returned '0': CMAKE_PREFIX_PATH=/opt/ros/humble /usr/bin/cmake /home/linh/ser_ws/src/my_bot -DCMAKE_INSTALL_PREFIX=/home/linh/ser_ws/install/my_bot
[3.213s] Invoking command in '/home/linh/ser_ws/build/my_bot': CMAKE_PREFIX_PATH=/opt/ros/humble /usr/bin/cmake --build /home/linh/ser_ws/build/my_bot -- -j2 -l2
[3.337s] Invoked command in '/home/linh/ser_ws/build/my_bot' returned '0': CMAKE_PREFIX_PATH=/opt/ros/humble /usr/bin/cmake --build /home/linh/ser_ws/build/my_bot -- -j2 -l2
[3.479s] Invoking command in '/home/linh/ser_ws/build/my_bot': CMAKE_PREFIX_PATH=/opt/ros/humble /usr/bin/cmake --install /home/linh/ser_ws/build/my_bot
[3.497s] -- Install configuration: ""
[3.499s] -- Installing: /home/linh/ser_ws/install/my_bot/share/my_bot/config
[3.501s] -- Installing: /home/linh/ser_ws/install/my_bot/share/my_bot/config/p2l.yaml
[3.510s] -- Installing: /home/linh/ser_ws/install/my_bot/share/my_bot/config/mapper_params_online_async.yaml
[3.515s] -- Installing: /home/linh/ser_ws/install/my_bot/share/my_bot/config/gazebo_params.yaml
[3.519s] -- Installing: /home/linh/ser_ws/install/my_bot/share/my_bot/config/nav2_params.yaml
[3.522s] -- Installing: /home/linh/ser_ws/install/my_bot/share/my_bot/config/ekf.yaml
[3.526s] -- Installing: /home/linh/ser_ws/install/my_bot/share/my_bot/config/view.rviz
[3.528s] -- Installing: /home/linh/ser_ws/install/my_bot/share/my_bot/config/joystick.yaml
[3.531s] -- Installing: /home/linh/ser_ws/install/my_bot/share/my_bot/config/gaz_ros2_ctl_use_sim.yaml
[3.543s] -- Installing: /home/linh/ser_ws/install/my_bot/share/my_bot/config/my_controllers.yaml
[3.545s] -- Installing: /home/linh/ser_ws/install/my_bot/share/my_bot/config/maze_final.rviz
[3.548s] -- Installing: /home/linh/ser_ws/install/my_bot/share/my_bot/config/param.yaml
[3.551s] -- Installing: /home/linh/ser_ws/install/my_bot/share/my_bot/config/twist_mux.yaml
[3.554s] -- Installing: /home/linh/ser_ws/install/my_bot/share/my_bot/config/map.rviz
[3.556s] -- Installing: /home/linh/ser_ws/install/my_bot/share/my_bot/config/drive.rviz
[3.558s] -- Installing: /home/linh/ser_ws/install/my_bot/share/my_bot/description
[3.559s] -- Installing: /home/linh/ser_ws/install/my_bot/share/my_bot/description/lidar.xacro
[3.561s] -- Installing: /home/linh/ser_ws/install/my_bot/share/my_bot/description/imu.xacro
[3.563s] -- Installing: /home/linh/ser_ws/install/my_bot/share/my_bot/description/camera.xacro
[3.566s] -- Installing: /home/linh/ser_ws/install/my_bot/share/my_bot/description/robot.urdf.xacro
[3.567s] -- Installing: /home/linh/ser_ws/install/my_bot/share/my_bot/description/gazebo_control.xacro
[3.569s] -- Installing: /home/linh/ser_ws/install/my_bot/share/my_bot/description/inertial_macros.xacro
[3.570s] -- Installing: /home/linh/ser_ws/install/my_bot/share/my_bot/description/ros2_control.xacro
[3.572s] -- Installing: /home/linh/ser_ws/install/my_bot/share/my_bot/description/robot_core.xacro
[3.574s] -- Installing: /home/linh/ser_ws/install/my_bot/share/my_bot/launch
[3.575s] -- Installing: /home/linh/ser_ws/install/my_bot/share/my_bot/launch/rtabmap.launch.py
[3.576s] -- Installing: /home/linh/ser_ws/install/my_bot/share/my_bot/launch/p2l.launch.py
[3.578s] -- Installing: /home/linh/ser_ws/install/my_bot/share/my_bot/launch/online_async_launch.py
[3.579s] -- Installing: /home/linh/ser_ws/install/my_bot/share/my_bot/launch/localization_launch.py
[3.581s] -- Installing: /home/linh/ser_ws/install/my_bot/share/my_bot/launch/camera.launch.py
[3.583s] -- Installing: /home/linh/ser_ws/install/my_bot/share/my_bot/launch/joystick.launch.py
[3.585s] -- Installing: /home/linh/ser_ws/install/my_bot/share/my_bot/launch/map.launch.py
[3.588s] -- Installing: /home/linh/ser_ws/install/my_bot/share/my_bot/launch/rsp.launch.py
[3.589s] -- Installing: /home/linh/ser_ws/install/my_bot/share/my_bot/launch/launch_robot.launch.py
[3.591s] -- Installing: /home/linh/ser_ws/install/my_bot/share/my_bot/launch/launch_sim.launch.py
[3.593s] -- Installing: /home/linh/ser_ws/install/my_bot/share/my_bot/launch/navigation_launch.py
[3.595s] -- Installing: /home/linh/ser_ws/install/my_bot/share/my_bot/launch/rgbd.launch.py
[3.597s] -- Installing: /home/linh/ser_ws/install/my_bot/share/my_bot/meshes
[3.597s] -- Installing: /home/linh/ser_ws/install/my_bot/share/my_bot/meshes/camera_link.dae
[3.604s] -- Installing: /home/linh/ser_ws/install/my_bot/share/my_bot/meshes/chassis_link.dae
[3.723s] -- Installing: /home/linh/ser_ws/install/my_bot/share/my_bot/meshes/wheel_link.dae
[3.816s] -- Installing: /home/linh/ser_ws/install/my_bot/share/my_bot/meshes/plug.stl
[3.838s] -- Installing: /home/linh/ser_ws/install/my_bot/share/my_bot/meshes/caster_wheel_link.dae
[3.911s] -- Installing: /home/linh/ser_ws/install/my_bot/share/my_bot/meshes/plug_collision.stl
[3.916s] -- Installing: /home/linh/ser_ws/install/my_bot/share/my_bot/meshes/d435.dae
[4.806s] -- Installing: /home/linh/ser_ws/install/my_bot/share/ament_index/resource_index/package_run_dependencies/my_bot
[4.807s] -- Installing: /home/linh/ser_ws/install/my_bot/share/ament_index/resource_index/parent_prefix_path/my_bot
[4.808s] -- Installing: /home/linh/ser_ws/install/my_bot/share/my_bot/environment/ament_prefix_path.sh
[4.809s] -- Installing: /home/linh/ser_ws/install/my_bot/share/my_bot/environment/ament_prefix_path.dsv
[4.810s] -- Installing: /home/linh/ser_ws/install/my_bot/share/my_bot/environment/path.sh
[4.810s] -- Installing: /home/linh/ser_ws/install/my_bot/share/my_bot/environment/path.dsv
[4.811s] -- Installing: /home/linh/ser_ws/install/my_bot/share/my_bot/local_setup.bash
[4.811s] -- Installing: /home/linh/ser_ws/install/my_bot/share/my_bot/local_setup.sh
[4.812s] -- Installing: /home/linh/ser_ws/install/my_bot/share/my_bot/local_setup.zsh
[4.813s] -- Installing: /home/linh/ser_ws/install/my_bot/share/my_bot/local_setup.dsv
[4.813s] -- Installing: /home/linh/ser_ws/install/my_bot/share/my_bot/package.dsv
[4.814s] -- Installing: /home/linh/ser_ws/install/my_bot/share/ament_index/resource_index/packages/my_bot
[4.815s] -- Installing: /home/linh/ser_ws/install/my_bot/share/my_bot/cmake/my_botConfig.cmake
[4.815s] -- Installing: /home/linh/ser_ws/install/my_bot/share/my_bot/cmake/my_botConfig-version.cmake
[4.816s] -- Installing: /home/linh/ser_ws/install/my_bot/share/my_bot/package.xml
[4.825s] Invoked command in '/home/linh/ser_ws/build/my_bot' returned '0': CMAKE_PREFIX_PATH=/opt/ros/humble /usr/bin/cmake --install /home/linh/ser_ws/build/my_bot
